[ 2015-11-21T15:29:12+08:00 ] 127.0.0.1 /index.php
INFO: [ app_init ] --START--
INFO: Run Behavior\BuildLiteBehavior [ RunTime:0.000027s ]
INFO: [ app_init ] --END-- [ RunTime:0.001224s ]
INFO: [ app_begin ] --START--
INFO: Run Behavior\ReadHtmlCacheBehavior [ RunTime:0.001628s ]
INFO: [ app_begin ] --END-- [ RunTime:0.001768s ]
NOTIC: [8] A session had already been started - ignoring session_start() D:\wamp\www.12.com\ThinkPHP\Common\functions.php 第 1190 行.
SQL: SHOW COLUMNS FROM `it_category` [ RunTime:0.197646s ]
SQL: SELECT * FROM `it_category` WHERE ( parent_id = 0 )  [ RunTime:0.012503s ]
SQL: SELECT * FROM `it_category`  [ RunTime:0.000309s ]
NOTIC: [2048] Declaration of Admin\Model\GoodsModel::_after_insert() should be compatible with that of Think\Model::_after_insert() D:\wamp\www.12.com\Application\Admin\Model\GoodsModel.class.php 第 229 行.
NOTIC: [2048] Declaration of Admin\Model\GoodsModel::_after_update() should be compatible with that of Think\Model::_after_update() D:\wamp\www.12.com\Application\Admin\Model\GoodsModel.class.php 第 229 行.
SQL: SHOW COLUMNS FROM `it_goods` [ RunTime:0.115328s ]
SQL: SELECT * FROM `it_goods` WHERE ( is_best = 1 AND is_delete = 0 AND is_sale = 1 ) LIMIT 3   [ RunTime:0.019016s ]
SQL: SELECT * FROM `it_goods` WHERE ( is_hot = 1 AND is_delete = 0 AND is_sale = 1 ) LIMIT 3   [ RunTime:0.000716s ]
SQL: SELECT * FROM `it_goods` WHERE ( is_new = 1 AND is_delete = 0 AND is_sale = 1 ) LIMIT 3   [ RunTime:0.000821s ]
INFO: [ view_parse ] --START--
INFO: [ template_filter ] --START--
INFO: Run Behavior\ContentReplaceBehavior [ RunTime:0.000272s ]
INFO: [ template_filter ] --END-- [ RunTime:0.000428s ]
INFO: Run Behavior\ParseTemplateBehavior [ RunTime:0.202524s ]
INFO: [ view_parse ] --END-- [ RunTime:0.202665s ]
INFO: [ view_filter ] --START--
INFO: Run Behavior\WriteHtmlCacheBehavior [ RunTime:0.016125s ]
INFO: [ view_filter ] --END-- [ RunTime:0.016233s ]
INFO: [ app_end ] --START--
INFO: Run Behavior\ShowPageTraceBehavior [ RunTime:0.032441s ]
INFO: [ app_end ] --END-- [ RunTime:0.032559s ]

[ 2015-11-21T15:29:16+08:00 ] 127.0.0.1 /index.php/Home/Index/det/id/29
INFO: [ app_init ] --START--
INFO: Run Behavior\BuildLiteBehavior [ RunTime:0.000028s ]
INFO: [ app_init ] --END-- [ RunTime:0.000874s ]
INFO: [ app_begin ] --START--
INFO: Run Behavior\ReadHtmlCacheBehavior [ RunTime:0.001947s ]
INFO: [ app_begin ] --END-- [ RunTime:0.002099s ]
NOTIC: [8] A session had already been started - ignoring session_start() D:\wamp\www.12.com\ThinkPHP\Common\functions.php 第 1190 行.
SQL: SHOW COLUMNS FROM `it_category` [ RunTime:0.011687s ]
SQL: SELECT * FROM `it_category` WHERE ( parent_id = 0 )  [ RunTime:0.000299s ]
SQL: SELECT * FROM `it_category`  [ RunTime:0.000226s ]
NOTIC: [2048] Declaration of Admin\Model\GoodsModel::_after_insert() should be compatible with that of Think\Model::_after_insert() D:\wamp\www.12.com\Application\Admin\Model\GoodsModel.class.php 第 229 行.
NOTIC: [2048] Declaration of Admin\Model\GoodsModel::_after_update() should be compatible with that of Think\Model::_after_update() D:\wamp\www.12.com\Application\Admin\Model\GoodsModel.class.php 第 229 行.
SQL: SHOW COLUMNS FROM `it_goods` [ RunTime:0.003750s ]
NOTIC: D方法实例化没找到模型类Admin\Model\GoodsAttrModel
SQL: SHOW COLUMNS FROM `it_goods_attr` [ RunTime:0.052940s ]
SQL: SELECT a.*,b.attr_name,b.attr_type FROM it_goods_attr a  left join it_attribute b on a.attr_id = b.id   WHERE ( a.goods_id = 29 )  [ RunTime:0.062399s ]
SQL: SELECT * FROM `it_goods` WHERE `id` = 29 LIMIT 1   [ RunTime:0.000502s ]
SQL: SELECT * FROM `it_category`  [ RunTime:0.000317s ]
INFO: [ view_parse ] --START--
INFO: [ template_filter ] --START--
INFO: Run Behavior\ContentReplaceBehavior [ RunTime:0.000280s ]
INFO: [ template_filter ] --END-- [ RunTime:0.000392s ]
NOTIC: [8] Undefined index: goods_sn D:\wamp\www.12.com\Application\Runtime\Cache\Home\23ddf971b7b7b2e1f06c29605e12b785.php 第 160 行.
INFO: Run Behavior\ParseTemplateBehavior [ RunTime:0.076176s ]
INFO: [ view_parse ] --END-- [ RunTime:0.076448s ]
INFO: [ view_filter ] --START--
INFO: Run Behavior\WriteHtmlCacheBehavior [ RunTime:0.001645s ]
INFO: [ view_filter ] --END-- [ RunTime:0.001762s ]
INFO: [ app_end ] --START--
INFO: Run Behavior\ShowPageTraceBehavior [ RunTime:0.001591s ]
INFO: [ app_end ] --END-- [ RunTime:0.001707s ]

[ 2015-11-21T15:29:53+08:00 ] 127.0.0.1 /index.php/Home/User/login.html
INFO: [ app_init ] --START--
INFO: Run Behavior\BuildLiteBehavior [ RunTime:0.000026s ]
INFO: [ app_init ] --END-- [ RunTime:0.000649s ]
INFO: [ app_begin ] --START--
INFO: Run Behavior\ReadHtmlCacheBehavior [ RunTime:0.001000s ]
INFO: [ app_begin ] --END-- [ RunTime:0.001165s ]
NOTIC: [8] A session had already been started - ignoring session_start() D:\wamp\www.12.com\ThinkPHP\Common\functions.php 第 1190 行.
SQL: SHOW COLUMNS FROM `it_category` [ RunTime:0.003413s ]
SQL: SELECT * FROM `it_category` WHERE ( parent_id = 0 )  [ RunTime:0.000300s ]
INFO: [ view_parse ] --START--
INFO: [ template_filter ] --START--
INFO: Run Behavior\ContentReplaceBehavior [ RunTime:0.000265s ]
INFO: [ template_filter ] --END-- [ RunTime:0.000541s ]
INFO: Run Behavior\ParseTemplateBehavior [ RunTime:0.065939s ]
INFO: [ view_parse ] --END-- [ RunTime:0.069096s ]
INFO: [ view_filter ] --START--
INFO: Run Behavior\WriteHtmlCacheBehavior [ RunTime:0.001012s ]
INFO: [ view_filter ] --END-- [ RunTime:0.001138s ]
INFO: [ app_end ] --START--
INFO: Run Behavior\ShowPageTraceBehavior [ RunTime:0.001649s ]
INFO: [ app_end ] --END-- [ RunTime:0.001800s ]

[ 2015-11-21T15:30:18+08:00 ] 127.0.0.1 /index.php
INFO: [ app_init ] --START--
INFO: Run Behavior\BuildLiteBehavior [ RunTime:0.000024s ]
INFO: [ app_init ] --END-- [ RunTime:0.000615s ]
INFO: [ app_begin ] --START--
INFO: Run Behavior\ReadHtmlCacheBehavior [ RunTime:0.000929s ]
INFO: [ app_begin ] --END-- [ RunTime:0.001058s ]
NOTIC: [8] A session had already been started - ignoring session_start() D:\wamp\www.12.com\ThinkPHP\Common\functions.php 第 1190 行.
SQL: SHOW COLUMNS FROM `it_category` [ RunTime:0.003133s ]
SQL: SELECT * FROM `it_category` WHERE ( parent_id = 0 )  [ RunTime:0.000297s ]
SQL: SELECT * FROM `it_category`  [ RunTime:0.000254s ]
NOTIC: [2048] Declaration of Admin\Model\GoodsModel::_after_insert() should be compatible with that of Think\Model::_after_insert() D:\wamp\www.12.com\Application\Admin\Model\GoodsModel.class.php 第 229 行.
NOTIC: [2048] Declaration of Admin\Model\GoodsModel::_after_update() should be compatible with that of Think\Model::_after_update() D:\wamp\www.12.com\Application\Admin\Model\GoodsModel.class.php 第 229 行.
SQL: SHOW COLUMNS FROM `it_goods` [ RunTime:0.018072s ]
SQL: SELECT * FROM `it_goods` WHERE ( is_best = 1 AND is_delete = 0 AND is_sale = 1 ) LIMIT 3   [ RunTime:0.000877s ]
SQL: SELECT * FROM `it_goods` WHERE ( is_hot = 1 AND is_delete = 0 AND is_sale = 1 ) LIMIT 3   [ RunTime:0.000823s ]
SQL: SELECT * FROM `it_goods` WHERE ( is_new = 1 AND is_delete = 0 AND is_sale = 1 ) LIMIT 3   [ RunTime:0.000772s ]
INFO: [ view_parse ] --START--
INFO: [ template_filter ] --START--
INFO: Run Behavior\ContentReplaceBehavior [ RunTime:0.000394s ]
INFO: [ template_filter ] --END-- [ RunTime:0.000533s ]
INFO: Run Behavior\ParseTemplateBehavior [ RunTime:0.047214s ]
INFO: [ view_parse ] --END-- [ RunTime:0.047333s ]
INFO: [ view_filter ] --START--
INFO: Run Behavior\WriteHtmlCacheBehavior [ RunTime:0.000547s ]
INFO: [ view_filter ] --END-- [ RunTime:0.001351s ]
INFO: [ app_end ] --START--
INFO: Run Behavior\ShowPageTraceBehavior [ RunTime:0.000913s ]
INFO: [ app_end ] --END-- [ RunTime:0.001036s ]

[ 2015-11-21T15:33:01+08:00 ] 127.0.0.1 /index.php/Home/Index/det/id/30
INFO: [ app_init ] --START--
INFO: Run Behavior\BuildLiteBehavior [ RunTime:0.000033s ]
INFO: [ app_init ] --END-- [ RunTime:0.002076s ]
INFO: [ app_begin ] --START--
INFO: Run Behavior\ReadHtmlCacheBehavior [ RunTime:0.001373s ]
INFO: [ app_begin ] --END-- [ RunTime:0.001523s ]
NOTIC: [8] A session had already been started - ignoring session_start() D:\wamp\www.12.com\ThinkPHP\Common\functions.php 第 1190 行.
SQL: SHOW COLUMNS FROM `it_category` [ RunTime:0.004021s ]
SQL: SELECT * FROM `it_category` WHERE ( parent_id = 0 )  [ RunTime:0.000316s ]
SQL: SELECT * FROM `it_category`  [ RunTime:0.000302s ]
NOTIC: [2048] Declaration of Admin\Model\GoodsModel::_after_insert() should be compatible with that of Think\Model::_after_insert() D:\wamp\www.12.com\Application\Admin\Model\GoodsModel.class.php 第 229 行.
NOTIC: [2048] Declaration of Admin\Model\GoodsModel::_after_update() should be compatible with that of Think\Model::_after_update() D:\wamp\www.12.com\Application\Admin\Model\GoodsModel.class.php 第 229 行.
SQL: SHOW COLUMNS FROM `it_goods` [ RunTime:0.010415s ]
NOTIC: D方法实例化没找到模型类Admin\Model\GoodsAttrModel
SQL: SHOW COLUMNS FROM `it_goods_attr` [ RunTime:0.004164s ]
SQL: SELECT a.*,b.attr_name,b.attr_type FROM it_goods_attr a  left join it_attribute b on a.attr_id = b.id   WHERE ( a.goods_id = 30 )  [ RunTime:0.000953s ]
SQL: SELECT * FROM `it_goods` WHERE `id` = 30 LIMIT 1   [ RunTime:0.000561s ]
SQL: SELECT * FROM `it_category`  [ RunTime:0.000316s ]
INFO: [ view_parse ] --START--
INFO: [ template_filter ] --START--
INFO: Run Behavior\ContentReplaceBehavior [ RunTime:0.000293s ]
INFO: [ template_filter ] --END-- [ RunTime:0.000405s ]
NOTIC: [8] Undefined index: goods_sn D:\wamp\www.12.com\Application\Runtime\Cache\Home\23ddf971b7b7b2e1f06c29605e12b785.php 第 160 行.
INFO: Run Behavior\ParseTemplateBehavior [ RunTime:0.076581s ]
INFO: [ view_parse ] --END-- [ RunTime:0.076735s ]
INFO: [ view_filter ] --START--
INFO: Run Behavior\WriteHtmlCacheBehavior [ RunTime:0.001126s ]
INFO: [ view_filter ] --END-- [ RunTime:0.001229s ]
INFO: [ app_end ] --START--
INFO: Run Behavior\ShowPageTraceBehavior [ RunTime:0.002752s ]
INFO: [ app_end ] --END-- [ RunTime:0.002885s ]

[ 2015-11-21T15:33:05+08:00 ] 127.0.0.1 /index.php/Home/Index/det/id/30
INFO: [ app_init ] --START--
INFO: Run Behavior\BuildLiteBehavior [ RunTime:0.000027s ]
INFO: [ app_init ] --END-- [ RunTime:0.001322s ]
INFO: [ app_begin ] --START--
INFO: Run Behavior\ReadHtmlCacheBehavior [ RunTime:0.001327s ]
INFO: [ app_begin ] --END-- [ RunTime:0.001511s ]
NOTIC: [8] A session had already been started - ignoring session_start() D:\wamp\www.12.com\ThinkPHP\Common\functions.php 第 1190 行.
SQL: SHOW COLUMNS FROM `it_category` [ RunTime:0.013892s ]
SQL: SELECT * FROM `it_category` WHERE ( parent_id = 0 )  [ RunTime:0.010099s ]
SQL: SELECT * FROM `it_category`  [ RunTime:0.000402s ]
NOTIC: [2048] Declaration of Admin\Model\GoodsModel::_after_insert() should be compatible with that of Think\Model::_after_insert() D:\wamp\www.12.com\Application\Admin\Model\GoodsModel.class.php 第 229 行.
NOTIC: [2048] Declaration of Admin\Model\GoodsModel::_after_update() should be compatible with that of Think\Model::_after_update() D:\wamp\www.12.com\Application\Admin\Model\GoodsModel.class.php 第 229 行.
SQL: SHOW COLUMNS FROM `it_goods` [ RunTime:0.005400s ]
NOTIC: D方法实例化没找到模型类Admin\Model\GoodsAttrModel
SQL: SHOW COLUMNS FROM `it_goods_attr` [ RunTime:0.003231s ]
SQL: SELECT a.*,b.attr_name,b.attr_type FROM it_goods_attr a  left join it_attribute b on a.attr_id = b.id   WHERE ( a.goods_id = 30 )  [ RunTime:0.000985s ]
SQL: SELECT * FROM `it_goods` WHERE `id` = 30 LIMIT 1   [ RunTime:0.000948s ]
SQL: SELECT * FROM `it_category`  [ RunTime:0.000310s ]
INFO: [ view_parse ] --START--
INFO: [ template_filter ] --START--
INFO: Run Behavior\ContentReplaceBehavior [ RunTime:0.000334s ]
INFO: [ template_filter ] --END-- [ RunTime:0.000480s ]
NOTIC: [8] Undefined index: goods_sn D:\wamp\www.12.com\Application\Runtime\Cache\Home\23ddf971b7b7b2e1f06c29605e12b785.php 第 160 行.
INFO: Run Behavior\ParseTemplateBehavior [ RunTime:0.054685s ]
INFO: [ view_parse ] --END-- [ RunTime:0.054834s ]
INFO: [ view_filter ] --START--
INFO: Run Behavior\WriteHtmlCacheBehavior [ RunTime:0.001370s ]
INFO: [ view_filter ] --END-- [ RunTime:0.001485s ]
INFO: [ app_end ] --START--
INFO: Run Behavior\ShowPageTraceBehavior [ RunTime:0.004970s ]
INFO: [ app_end ] --END-- [ RunTime:0.005131s ]

