[ 2015-12-03T16:06:05+08:00 ] 127.0.0.1 /
INFO: [ app_init ] --START--
INFO: Run Behavior\BuildLiteBehavior [ RunTime:0.000027s ]
INFO: [ app_init ] --END-- [ RunTime:0.001300s ]
INFO: [ app_begin ] --START--
INFO: Run Behavior\ReadHtmlCacheBehavior [ RunTime:0.001646s ]
INFO: [ app_begin ] --END-- [ RunTime:0.001787s ]
NOTIC: [8] A session had already been started - ignoring session_start() D:\wamp\www.12.com\ThinkPHP\Common\functions.php 第 1190 行.
SQL: SHOW COLUMNS FROM `it_category` [ RunTime:0.054002s ]
SQL: SELECT * FROM `it_category` WHERE ( parent_id = 0 )  [ RunTime:0.000377s ]
SQL: SELECT * FROM `it_category`  [ RunTime:0.000287s ]
NOTIC: [2048] Declaration of Admin\Model\GoodsModel::_after_insert() should be compatible with that of Think\Model::_after_insert() D:\wamp\www.12.com\Application\Admin\Model\GoodsModel.class.php 第 229 行.
NOTIC: [2048] Declaration of Admin\Model\GoodsModel::_after_update() should be compatible with that of Think\Model::_after_update() D:\wamp\www.12.com\Application\Admin\Model\GoodsModel.class.php 第 229 行.
SQL: SHOW COLUMNS FROM `it_goods` [ RunTime:0.015170s ]
SQL: SELECT * FROM `it_goods` WHERE ( is_best = 1 AND is_delete = 0 AND is_sale = 1 ) LIMIT 3   [ RunTime:0.019314s ]
SQL: SELECT * FROM `it_goods` WHERE ( is_hot = 1 AND is_delete = 0 AND is_sale = 1 ) LIMIT 3   [ RunTime:0.000608s ]
SQL: SELECT * FROM `it_goods` WHERE ( is_new = 1 AND is_delete = 0 AND is_sale = 1 ) LIMIT 3   [ RunTime:0.000632s ]
INFO: [ view_parse ] --START--
INFO: [ template_filter ] --START--
INFO: Run Behavior\ContentReplaceBehavior [ RunTime:0.000261s ]
INFO: [ template_filter ] --END-- [ RunTime:0.000371s ]
INFO: Run Behavior\ParseTemplateBehavior [ RunTime:0.115881s ]
INFO: [ view_parse ] --END-- [ RunTime:0.116021s ]
INFO: [ view_filter ] --START--
INFO: Run Behavior\WriteHtmlCacheBehavior [ RunTime:0.012229s ]
INFO: [ view_filter ] --END-- [ RunTime:0.012339s ]
INFO: [ app_end ] --START--
INFO: Run Behavior\ShowPageTraceBehavior [ RunTime:0.009548s ]
INFO: [ app_end ] --END-- [ RunTime:0.009664s ]

[ 2015-12-03T16:22:59+08:00 ] 127.0.0.1 /index.php
INFO: [ app_init ] --START--
INFO: Run Behavior\BuildLiteBehavior [ RunTime:0.000028s ]
INFO: [ app_init ] --END-- [ RunTime:0.018895s ]
INFO: [ app_begin ] --START--
INFO: Run Behavior\ReadHtmlCacheBehavior [ RunTime:0.029357s ]
INFO: [ app_begin ] --END-- [ RunTime:0.029742s ]
NOTIC: [8] A session had already been started - ignoring session_start() D:\wamp\www.12.com\ThinkPHP\Common\functions.php 第 1190 行.
ERR: Unknown database 'itshop'

