[ 2016-01-24T14:31:02+08:00 ] 127.0.0.1 /index.php/
INFO: [ app_init ] --START--
INFO: Run Behavior\BuildLiteBehavior [ RunTime:0.000017s ]
INFO: [ app_init ] --END-- [ RunTime:0.001743s ]
INFO: [ app_begin ] --START--
INFO: Run Behavior\ReadHtmlCacheBehavior [ RunTime:0.005363s ]
INFO: [ app_begin ] --END-- [ RunTime:0.005511s ]
SQL: SHOW COLUMNS FROM `it_category` [ RunTime:0.028926s ]
SQL: SELECT * FROM `it_category` WHERE ( pid = 0 )  [ RunTime:0.001664s ]
SQL: SELECT * FROM `it_category`  [ RunTime:0.000503s ]
NOTIC: [2048] Declaration of Admin\Model\GoodsModel::_after_insert() should be compatible with that of Think\Model::_after_insert() D:\vhost\local.14.com\Application\Admin\Model\GoodsModel.class.php 第 233 行.
NOTIC: [2048] Declaration of Admin\Model\GoodsModel::_after_update() should be compatible with that of Think\Model::_after_update() D:\vhost\local.14.com\Application\Admin\Model\GoodsModel.class.php 第 233 行.
SQL: SHOW COLUMNS FROM `it_goods` [ RunTime:0.027803s ]
SQL: SELECT * FROM `it_goods` WHERE (  is_hot = 1 and is_delete = 0 ) ORDER BY id desc LIMIT 3   [ RunTime:0.009239s ]
SQL: SELECT * FROM `it_goods` WHERE (  is_best = 1 and is_delete = 0 ) ORDER BY id desc LIMIT 3   [ RunTime:0.002092s ]
SQL: SELECT * FROM `it_goods` WHERE (  is_new = 1 and is_delete = 0 ) ORDER BY id desc LIMIT 3   [ RunTime:0.007311s ]
INFO: [ view_parse ] --START--
INFO: [ template_filter ] --START--
INFO: Run Behavior\ContentReplaceBehavior [ RunTime:0.000139s ]
INFO: [ template_filter ] --END-- [ RunTime:0.000205s ]
INFO: Run Behavior\ParseTemplateBehavior [ RunTime:0.087122s ]
INFO: [ view_parse ] --END-- [ RunTime:0.087217s ]
INFO: [ view_filter ] --START--
INFO: Run Behavior\WriteHtmlCacheBehavior [ RunTime:0.005814s ]
INFO: [ view_filter ] --END-- [ RunTime:0.005981s ]
INFO: [ app_end ] --START--
INFO: Run Behavior\ShowPageTraceBehavior [ RunTime:0.003635s ]
INFO: [ app_end ] --END-- [ RunTime:0.003911s ]

[ 2016-01-24T14:31:03+08:00 ] 127.0.0.1 /index.php/
INFO: [ app_init ] --START--
INFO: Run Behavior\BuildLiteBehavior [ RunTime:0.000016s ]
INFO: [ app_init ] --END-- [ RunTime:0.001089s ]
INFO: [ app_begin ] --START--
INFO: Run Behavior\ReadHtmlCacheBehavior [ RunTime:0.003431s ]
INFO: [ app_begin ] --END-- [ RunTime:0.003511s ]
SQL: SHOW COLUMNS FROM `it_category` [ RunTime:0.019377s ]
SQL: SELECT * FROM `it_category` WHERE ( pid = 0 )  [ RunTime:0.000437s ]
SQL: SELECT * FROM `it_category`  [ RunTime:0.000412s ]
NOTIC: [2048] Declaration of Admin\Model\GoodsModel::_after_insert() should be compatible with that of Think\Model::_after_insert() D:\vhost\local.14.com\Application\Admin\Model\GoodsModel.class.php 第 233 行.
NOTIC: [2048] Declaration of Admin\Model\GoodsModel::_after_update() should be compatible with that of Think\Model::_after_update() D:\vhost\local.14.com\Application\Admin\Model\GoodsModel.class.php 第 233 行.
SQL: SHOW COLUMNS FROM `it_goods` [ RunTime:0.018895s ]
SQL: SELECT * FROM `it_goods` WHERE (  is_hot = 1 and is_delete = 0 ) ORDER BY id desc LIMIT 3   [ RunTime:0.002494s ]
SQL: SELECT * FROM `it_goods` WHERE (  is_best = 1 and is_delete = 0 ) ORDER BY id desc LIMIT 3   [ RunTime:0.000696s ]
SQL: SELECT * FROM `it_goods` WHERE (  is_new = 1 and is_delete = 0 ) ORDER BY id desc LIMIT 3   [ RunTime:0.000735s ]
INFO: [ view_parse ] --START--
INFO: [ template_filter ] --START--
INFO: Run Behavior\ContentReplaceBehavior [ RunTime:0.000135s ]
INFO: [ template_filter ] --END-- [ RunTime:0.000196s ]
INFO: Run Behavior\ParseTemplateBehavior [ RunTime:0.046341s ]
INFO: [ view_parse ] --END-- [ RunTime:0.046410s ]
INFO: [ view_filter ] --START--
INFO: Run Behavior\WriteHtmlCacheBehavior [ RunTime:0.002852s ]
INFO: [ view_filter ] --END-- [ RunTime:0.002901s ]
INFO: [ app_end ] --START--
INFO: Run Behavior\ShowPageTraceBehavior [ RunTime:0.005150s ]
INFO: [ app_end ] --END-- [ RunTime:0.005306s ]

[ 2016-01-24T14:38:38+08:00 ] 127.0.0.1 /index.php/Home/user/register
INFO: [ app_init ] --START--
INFO: Run Behavior\BuildLiteBehavior [ RunTime:0.000022s ]
INFO: [ app_init ] --END-- [ RunTime:0.002091s ]
INFO: [ app_begin ] --START--
INFO: Run Behavior\ReadHtmlCacheBehavior [ RunTime:0.007228s ]
INFO: [ app_begin ] --END-- [ RunTime:0.007314s ]
ERR: 模板不存在:./Application/Home/View/User/register.html

[ 2016-01-24T14:40:23+08:00 ] 127.0.0.1 /index.php/Home/user/register
INFO: [ app_init ] --START--
INFO: Run Behavior\BuildLiteBehavior [ RunTime:0.000018s ]
INFO: [ app_init ] --END-- [ RunTime:0.001082s ]
INFO: [ app_begin ] --START--
INFO: Run Behavior\ReadHtmlCacheBehavior [ RunTime:0.005851s ]
INFO: [ app_begin ] --END-- [ RunTime:0.005949s ]
INFO: [ view_parse ] --START--
INFO: [ template_filter ] --START--
INFO: Run Behavior\ContentReplaceBehavior [ RunTime:0.000074s ]
INFO: [ template_filter ] --END-- [ RunTime:0.000153s ]
INFO: Run Behavior\ParseTemplateBehavior [ RunTime:0.040741s ]
INFO: [ view_parse ] --END-- [ RunTime:0.040835s ]
INFO: [ view_filter ] --START--
INFO: Run Behavior\WriteHtmlCacheBehavior [ RunTime:0.003551s ]
INFO: [ view_filter ] --END-- [ RunTime:0.003611s ]
INFO: [ app_end ] --START--
INFO: Run Behavior\ShowPageTraceBehavior [ RunTime:0.009764s ]
INFO: [ app_end ] --END-- [ RunTime:0.009846s ]

[ 2016-01-24T14:41:18+08:00 ] 127.0.0.1 /index.php/Home/user/register
INFO: [ app_init ] --START--
INFO: Run Behavior\BuildLiteBehavior [ RunTime:0.000017s ]
INFO: [ app_init ] --END-- [ RunTime:0.001118s ]
INFO: [ app_begin ] --START--
INFO: Run Behavior\ReadHtmlCacheBehavior [ RunTime:0.004956s ]
INFO: [ app_begin ] --END-- [ RunTime:0.005109s ]
INFO: [ view_parse ] --START--
INFO: [ template_filter ] --START--
INFO: Run Behavior\ContentReplaceBehavior [ RunTime:0.000082s ]
INFO: [ template_filter ] --END-- [ RunTime:0.000163s ]
INFO: Run Behavior\ParseTemplateBehavior [ RunTime:0.062075s ]
INFO: [ view_parse ] --END-- [ RunTime:0.062160s ]
INFO: [ view_filter ] --START--
INFO: Run Behavior\WriteHtmlCacheBehavior [ RunTime:0.006657s ]
INFO: [ view_filter ] --END-- [ RunTime:0.006719s ]
INFO: [ app_end ] --START--
INFO: Run Behavior\ShowPageTraceBehavior [ RunTime:0.023352s ]
INFO: [ app_end ] --END-- [ RunTime:0.023488s ]

[ 2016-01-24T14:42:31+08:00 ] 127.0.0.1 /index.php/Home/user/register
INFO: [ app_init ] --START--
INFO: Run Behavior\BuildLiteBehavior [ RunTime:0.000017s ]
INFO: [ app_init ] --END-- [ RunTime:0.001372s ]
INFO: [ app_begin ] --START--
INFO: Run Behavior\ReadHtmlCacheBehavior [ RunTime:0.004414s ]
INFO: [ app_begin ] --END-- [ RunTime:0.004498s ]
INFO: [ view_parse ] --START--
INFO: [ template_filter ] --START--
INFO: Run Behavior\ContentReplaceBehavior [ RunTime:0.000071s ]
INFO: [ template_filter ] --END-- [ RunTime:0.000163s ]
INFO: Run Behavior\ParseTemplateBehavior [ RunTime:0.106044s ]
INFO: [ view_parse ] --END-- [ RunTime:0.106154s ]
INFO: [ view_filter ] --START--
INFO: Run Behavior\WriteHtmlCacheBehavior [ RunTime:0.009090s ]
INFO: [ view_filter ] --END-- [ RunTime:0.009190s ]
INFO: [ app_end ] --START--
INFO: Run Behavior\ShowPageTraceBehavior [ RunTime:0.062748s ]
INFO: [ app_end ] --END-- [ RunTime:0.062868s ]

[ 2016-01-24T14:42:48+08:00 ] 127.0.0.1 /index.php/Home/user/index.php?username=asion&email=gogery%40163.com&password=admin88&psd2=admin88
INFO: [ app_init ] --START--
INFO: Run Behavior\BuildLiteBehavior [ RunTime:0.000015s ]
INFO: [ app_init ] --END-- [ RunTime:0.001129s ]
INFO: [ app_begin ] --START--
INFO: Run Behavior\ReadHtmlCacheBehavior [ RunTime:0.004272s ]
INFO: [ app_begin ] --END-- [ RunTime:0.004348s ]
ERR: 非法操作:index.php

[ 2016-01-24T14:43:26+08:00 ] 127.0.0.1 /index.php/Home/user/register
INFO: [ app_init ] --START--
INFO: Run Behavior\BuildLiteBehavior [ RunTime:0.000016s ]
INFO: [ app_init ] --END-- [ RunTime:0.001077s ]
INFO: [ app_begin ] --START--
INFO: Run Behavior\ReadHtmlCacheBehavior [ RunTime:0.004520s ]
INFO: [ app_begin ] --END-- [ RunTime:0.004600s ]
INFO: [ view_parse ] --START--
INFO: [ template_filter ] --START--
INFO: Run Behavior\ContentReplaceBehavior [ RunTime:0.000079s ]
INFO: [ template_filter ] --END-- [ RunTime:0.000149s ]
INFO: Run Behavior\ParseTemplateBehavior [ RunTime:0.027523s ]
INFO: [ view_parse ] --END-- [ RunTime:0.028153s ]
INFO: [ view_filter ] --START--
INFO: Run Behavior\WriteHtmlCacheBehavior [ RunTime:0.005255s ]
INFO: [ view_filter ] --END-- [ RunTime:0.005324s ]
INFO: [ app_end ] --START--
INFO: Run Behavior\ShowPageTraceBehavior [ RunTime:0.009131s ]
INFO: [ app_end ] --END-- [ RunTime:0.009211s ]

[ 2016-01-24T14:43:39+08:00 ] 127.0.0.1 /index.php/Home/user/register
INFO: [ app_init ] --START--
INFO: Run Behavior\BuildLiteBehavior [ RunTime:0.000015s ]
INFO: [ app_init ] --END-- [ RunTime:0.001073s ]
INFO: [ app_begin ] --START--
INFO: Run Behavior\ReadHtmlCacheBehavior [ RunTime:0.002524s ]
INFO: [ app_begin ] --END-- [ RunTime:0.002609s ]
SQL: SHOW COLUMNS FROM `it_user` [ RunTime:0.024423s ]
SQL: INSERT INTO `it_user` (`username`,`email`,`password`) VALUES ('asion','gogery@163.com','admin88') [ RunTime:0.001924s ]
INFO: [ view_parse ] --START--
INFO: [ template_filter ] --START--
INFO: Run Behavior\ContentReplaceBehavior [ RunTime:0.000044s ]
INFO: [ template_filter ] --END-- [ RunTime:0.000113s ]
INFO: Run Behavior\ParseTemplateBehavior [ RunTime:0.030712s ]
INFO: [ view_parse ] --END-- [ RunTime:0.030793s ]
INFO: [ view_filter ] --START--
INFO: Run Behavior\WriteHtmlCacheBehavior [ RunTime:0.002609s ]
INFO: [ view_filter ] --END-- [ RunTime:0.002658s ]

[ 2016-01-24T14:43:40+08:00 ] 127.0.0.1 /index.php/Home/User/lst.html
INFO: [ app_init ] --START--
INFO: Run Behavior\BuildLiteBehavior [ RunTime:0.000017s ]
INFO: [ app_init ] --END-- [ RunTime:0.001265s ]
INFO: [ app_begin ] --START--
INFO: Run Behavior\ReadHtmlCacheBehavior [ RunTime:0.003195s ]
INFO: [ app_begin ] --END-- [ RunTime:0.003277s ]
ERR: 非法操作:lst

[ 2016-01-24T14:44:34+08:00 ] 127.0.0.1 /index.php/Home/user/register
INFO: [ app_init ] --START--
INFO: Run Behavior\BuildLiteBehavior [ RunTime:0.000032s ]
INFO: [ app_init ] --END-- [ RunTime:0.001094s ]
INFO: [ app_begin ] --START--
INFO: Run Behavior\ReadHtmlCacheBehavior [ RunTime:0.005010s ]
INFO: [ app_begin ] --END-- [ RunTime:0.005105s ]
INFO: [ view_parse ] --START--
INFO: [ template_filter ] --START--
INFO: Run Behavior\ContentReplaceBehavior [ RunTime:0.000082s ]
INFO: [ template_filter ] --END-- [ RunTime:0.000180s ]
INFO: Run Behavior\ParseTemplateBehavior [ RunTime:0.050602s ]
INFO: [ view_parse ] --END-- [ RunTime:0.050693s ]
INFO: [ view_filter ] --START--
INFO: Run Behavior\WriteHtmlCacheBehavior [ RunTime:0.002748s ]
INFO: [ view_filter ] --END-- [ RunTime:0.002803s ]
INFO: [ app_end ] --START--
INFO: Run Behavior\ShowPageTraceBehavior [ RunTime:0.009595s ]
INFO: [ app_end ] --END-- [ RunTime:0.009671s ]

[ 2016-01-24T14:49:50+08:00 ] 127.0.0.1 /index.php/Home/user/register
INFO: [ app_init ] --START--
INFO: Run Behavior\BuildLiteBehavior [ RunTime:0.000020s ]
INFO: [ app_init ] --END-- [ RunTime:0.001772s ]
INFO: [ app_begin ] --START--
INFO: Run Behavior\ReadHtmlCacheBehavior [ RunTime:0.006369s ]
INFO: [ app_begin ] --END-- [ RunTime:0.006517s ]

[ 2016-01-24T14:49:53+08:00 ] 127.0.0.1 /index.php/Home/user/register
INFO: [ app_init ] --START--
INFO: Run Behavior\BuildLiteBehavior [ RunTime:0.000019s ]
INFO: [ app_init ] --END-- [ RunTime:0.002124s ]
INFO: [ app_begin ] --START--
INFO: Run Behavior\ReadHtmlCacheBehavior [ RunTime:0.006311s ]
INFO: [ app_begin ] --END-- [ RunTime:0.006458s ]

[ 2016-01-24T14:49:54+08:00 ] 127.0.0.1 /index.php/Home/user/register
INFO: [ app_init ] --START--
INFO: Run Behavior\BuildLiteBehavior [ RunTime:0.000022s ]
INFO: [ app_init ] --END-- [ RunTime:0.002662s ]
INFO: [ app_begin ] --START--
INFO: Run Behavior\ReadHtmlCacheBehavior [ RunTime:0.005845s ]
INFO: [ app_begin ] --END-- [ RunTime:0.005926s ]

[ 2016-01-24T14:51:59+08:00 ] 127.0.0.1 /index.php/Home/user/register
INFO: [ app_init ] --START--
INFO: Run Behavior\BuildLiteBehavior [ RunTime:0.000017s ]
INFO: [ app_init ] --END-- [ RunTime:0.001071s ]
INFO: [ app_begin ] --START--
INFO: Run Behavior\ReadHtmlCacheBehavior [ RunTime:0.002759s ]
INFO: [ app_begin ] --END-- [ RunTime:0.002883s ]
INFO: [ view_parse ] --START--
INFO: [ template_filter ] --START--
INFO: Run Behavior\ContentReplaceBehavior [ RunTime:0.000131s ]
INFO: [ template_filter ] --END-- [ RunTime:0.000213s ]
INFO: Run Behavior\ParseTemplateBehavior [ RunTime:0.030107s ]
INFO: [ view_parse ] --END-- [ RunTime:0.030160s ]
INFO: [ view_filter ] --START--
INFO: Run Behavior\WriteHtmlCacheBehavior [ RunTime:0.002738s ]
INFO: [ view_filter ] --END-- [ RunTime:0.002791s ]
INFO: [ app_end ] --START--
INFO: Run Behavior\ShowPageTraceBehavior [ RunTime:0.034198s ]
INFO: [ app_end ] --END-- [ RunTime:0.034268s ]

[ 2016-01-24T14:52:13+08:00 ] 127.0.0.1 /index.php/Home/user/register
INFO: [ app_init ] --START--
INFO: Run Behavior\BuildLiteBehavior [ RunTime:0.000016s ]
INFO: [ app_init ] --END-- [ RunTime:0.001130s ]
INFO: [ app_begin ] --START--
INFO: Run Behavior\ReadHtmlCacheBehavior [ RunTime:0.004343s ]
INFO: [ app_begin ] --END-- [ RunTime:0.004435s ]
SQL: SHOW COLUMNS FROM `it_user` [ RunTime:0.015286s ]
SQL: INSERT INTO `it_user` (`username`,`email`,`password`,`token`,`register_time`) VALUES ('caoyang','songer44@163.com','f9bc71f3440bab950f4c39b01309f2af','e3597c7262d1e7a93531cc83bad1d361',1453618333) [ RunTime:0.000576s ]

[ 2016-01-24T15:01:40+08:00 ] 127.0.0.1 /index.php/Home/user/register
INFO: [ app_init ] --START--
INFO: Run Behavior\BuildLiteBehavior [ RunTime:0.000020s ]
INFO: [ app_init ] --END-- [ RunTime:0.001667s ]
INFO: [ app_begin ] --START--
INFO: Run Behavior\ReadHtmlCacheBehavior [ RunTime:0.005155s ]
INFO: [ app_begin ] --END-- [ RunTime:0.005240s ]
INFO: [ view_parse ] --START--
INFO: [ template_filter ] --START--
INFO: Run Behavior\ContentReplaceBehavior [ RunTime:0.000383s ]
INFO: [ template_filter ] --END-- [ RunTime:0.000661s ]
INFO: Run Behavior\ParseTemplateBehavior [ RunTime:0.034633s ]
INFO: [ view_parse ] --END-- [ RunTime:0.034723s ]
INFO: [ view_filter ] --START--
INFO: Run Behavior\WriteHtmlCacheBehavior [ RunTime:0.004161s ]
INFO: [ view_filter ] --END-- [ RunTime:0.004219s ]
INFO: [ app_end ] --START--
INFO: Run Behavior\ShowPageTraceBehavior [ RunTime:0.011898s ]
INFO: [ app_end ] --END-- [ RunTime:0.012150s ]

[ 2016-01-24T15:02:19+08:00 ] 127.0.0.1 /index.php/Home/user/register
INFO: [ app_init ] --START--
INFO: Run Behavior\BuildLiteBehavior [ RunTime:0.000017s ]
INFO: [ app_init ] --END-- [ RunTime:0.001146s ]
INFO: [ app_begin ] --START--
INFO: Run Behavior\ReadHtmlCacheBehavior [ RunTime:0.004105s ]
INFO: [ app_begin ] --END-- [ RunTime:0.004209s ]
SQL: SHOW COLUMNS FROM `it_user` [ RunTime:0.016551s ]
SQL: INSERT INTO `it_user` (`username`,`email`,`password`,`token`,`register_time`) VALUES ('caoyang','2298535141@qq.com','f9bc71f3440bab950f4c39b01309f2af','ef7ecb11245d89c59a45c1703889ce18',1453618938) [ RunTime:0.000728s ]
INFO: [ view_parse ] --START--
INFO: [ template_filter ] --START--
INFO: Run Behavior\ContentReplaceBehavior [ RunTime:0.000083s ]
INFO: [ template_filter ] --END-- [ RunTime:0.000304s ]
INFO: Run Behavior\ParseTemplateBehavior [ RunTime:0.029131s ]
INFO: [ view_parse ] --END-- [ RunTime:0.029201s ]
INFO: [ view_filter ] --START--
INFO: Run Behavior\WriteHtmlCacheBehavior [ RunTime:0.003200s ]
INFO: [ view_filter ] --END-- [ RunTime:0.003256s ]

[ 2016-01-24T15:02:20+08:00 ] 127.0.0.1 /index.php/Home/Index/index.html
INFO: [ app_init ] --START--
INFO: Run Behavior\BuildLiteBehavior [ RunTime:0.000028s ]
INFO: [ app_init ] --END-- [ RunTime:0.002002s ]
INFO: [ app_begin ] --START--
INFO: Run Behavior\ReadHtmlCacheBehavior [ RunTime:0.001438s ]
INFO: [ app_begin ] --END-- [ RunTime:0.001506s ]

[ 2016-01-24T15:04:15+08:00 ] 127.0.0.1 /index.php/Home/Index/index.html
INFO: [ app_init ] --START--
INFO: Run Behavior\BuildLiteBehavior [ RunTime:0.000024s ]
INFO: [ app_init ] --END-- [ RunTime:0.001613s ]
INFO: [ app_begin ] --START--
INFO: Run Behavior\ReadHtmlCacheBehavior [ RunTime:0.002655s ]
INFO: [ app_begin ] --END-- [ RunTime:0.002777s ]
SQL: SHOW COLUMNS FROM `it_category` [ RunTime:0.036666s ]
SQL: SELECT * FROM `it_category` WHERE ( pid = 0 )  [ RunTime:0.000977s ]
SQL: SELECT * FROM `it_category`  [ RunTime:0.000283s ]
NOTIC: [2048] Declaration of Admin\Model\GoodsModel::_after_insert() should be compatible with that of Think\Model::_after_insert() D:\vhost\local.14.com\Application\Admin\Model\GoodsModel.class.php 第 233 行.
NOTIC: [2048] Declaration of Admin\Model\GoodsModel::_after_update() should be compatible with that of Think\Model::_after_update() D:\vhost\local.14.com\Application\Admin\Model\GoodsModel.class.php 第 233 行.
SQL: SHOW COLUMNS FROM `it_goods` [ RunTime:0.058677s ]
SQL: SELECT * FROM `it_goods` WHERE (  is_hot = 1 and is_delete = 0 ) ORDER BY id desc LIMIT 3   [ RunTime:0.010236s ]
SQL: SELECT * FROM `it_goods` WHERE (  is_best = 1 and is_delete = 0 ) ORDER BY id desc LIMIT 3   [ RunTime:0.000984s ]
SQL: SELECT * FROM `it_goods` WHERE (  is_new = 1 and is_delete = 0 ) ORDER BY id desc LIMIT 3   [ RunTime:0.002257s ]
INFO: [ view_parse ] --START--
INFO: [ template_filter ] --START--
INFO: Run Behavior\ContentReplaceBehavior [ RunTime:0.000108s ]
INFO: [ template_filter ] --END-- [ RunTime:0.000174s ]
INFO: Run Behavior\ParseTemplateBehavior [ RunTime:0.117539s ]
INFO: [ view_parse ] --END-- [ RunTime:0.117654s ]
INFO: [ view_filter ] --START--
INFO: Run Behavior\WriteHtmlCacheBehavior [ RunTime:0.031711s ]
INFO: [ view_filter ] --END-- [ RunTime:0.031813s ]
INFO: [ app_end ] --START--
INFO: Run Behavior\ShowPageTraceBehavior [ RunTime:0.083483s ]
INFO: [ app_end ] --END-- [ RunTime:0.086011s ]

[ 2016-01-24T15:04:45+08:00 ] 127.0.0.1 /index.php/Home/User/check/id/MQ==/token/ef7ecb11245d89c59a45c1703889ce18
INFO: [ app_init ] --START--
INFO: Run Behavior\BuildLiteBehavior [ RunTime:0.000020s ]
INFO: [ app_init ] --END-- [ RunTime:0.004284s ]
INFO: [ app_begin ] --START--
INFO: Run Behavior\ReadHtmlCacheBehavior [ RunTime:0.004062s ]
INFO: [ app_begin ] --END-- [ RunTime:0.004157s ]
ERR: 非法操作:check

[ 2016-01-24T15:10:01+08:00 ] 127.0.0.1 /index.php/Home/User/check/id/MQ==/token/ef7ecb11245d89c59a45c1703889ce18
INFO: [ app_init ] --START--
INFO: Run Behavior\BuildLiteBehavior [ RunTime:0.001079s ]
INFO: [ app_init ] --END-- [ RunTime:0.005752s ]
INFO: [ app_begin ] --START--
INFO: Run Behavior\ReadHtmlCacheBehavior [ RunTime:0.005598s ]
INFO: [ app_begin ] --END-- [ RunTime:0.006038s ]
SQL: SHOW COLUMNS FROM `it_user` [ RunTime:0.045429s ]
SQL: SELECT * FROM `it_user` WHERE `id` = 1 LIMIT 1   [ RunTime:0.001724s ]
SQL: UPDATE `it_user` SET `is_active`=1 WHERE ( id = 1 ) [ RunTime:0.003395s ]
INFO: [ view_parse ] --START--
INFO: [ template_filter ] --START--
INFO: Run Behavior\ContentReplaceBehavior [ RunTime:0.000177s ]
INFO: [ template_filter ] --END-- [ RunTime:0.000536s ]
INFO: Run Behavior\ParseTemplateBehavior [ RunTime:0.060123s ]
INFO: [ view_parse ] --END-- [ RunTime:0.060211s ]
INFO: [ view_filter ] --START--
INFO: Run Behavior\WriteHtmlCacheBehavior [ RunTime:0.004586s ]
INFO: [ view_filter ] --END-- [ RunTime:0.004645s ]

[ 2016-01-24T15:10:03+08:00 ] 127.0.0.1 /index.php/Home/Index/index.html
INFO: [ app_init ] --START--
INFO: Run Behavior\BuildLiteBehavior [ RunTime:0.000021s ]
INFO: [ app_init ] --END-- [ RunTime:0.001734s ]
INFO: [ app_begin ] --START--
INFO: Run Behavior\ReadHtmlCacheBehavior [ RunTime:0.003451s ]
INFO: [ app_begin ] --END-- [ RunTime:0.003544s ]
SQL: SHOW COLUMNS FROM `it_category` [ RunTime:0.018403s ]
SQL: SELECT * FROM `it_category` WHERE ( pid = 0 )  [ RunTime:0.000864s ]
SQL: SELECT * FROM `it_category`  [ RunTime:0.001016s ]
NOTIC: [2048] Declaration of Admin\Model\GoodsModel::_after_insert() should be compatible with that of Think\Model::_after_insert() D:\vhost\local.14.com\Application\Admin\Model\GoodsModel.class.php 第 233 行.
NOTIC: [2048] Declaration of Admin\Model\GoodsModel::_after_update() should be compatible with that of Think\Model::_after_update() D:\vhost\local.14.com\Application\Admin\Model\GoodsModel.class.php 第 233 行.
SQL: SHOW COLUMNS FROM `it_goods` [ RunTime:0.029034s ]
SQL: SELECT * FROM `it_goods` WHERE (  is_hot = 1 and is_delete = 0 ) ORDER BY id desc LIMIT 3   [ RunTime:0.003745s ]
SQL: SELECT * FROM `it_goods` WHERE (  is_best = 1 and is_delete = 0 ) ORDER BY id desc LIMIT 3   [ RunTime:0.000966s ]
SQL: SELECT * FROM `it_goods` WHERE (  is_new = 1 and is_delete = 0 ) ORDER BY id desc LIMIT 3   [ RunTime:0.001539s ]
INFO: [ view_parse ] --START--
INFO: [ template_filter ] --START--
INFO: Run Behavior\ContentReplaceBehavior [ RunTime:0.000154s ]
INFO: [ template_filter ] --END-- [ RunTime:0.000261s ]
INFO: Run Behavior\ParseTemplateBehavior [ RunTime:0.062121s ]
INFO: [ view_parse ] --END-- [ RunTime:0.062277s ]
INFO: [ view_filter ] --START--
INFO: Run Behavior\WriteHtmlCacheBehavior [ RunTime:0.003728s ]
INFO: [ view_filter ] --END-- [ RunTime:0.003826s ]
INFO: [ app_end ] --START--
INFO: Run Behavior\ShowPageTraceBehavior [ RunTime:0.054058s ]
INFO: [ app_end ] --END-- [ RunTime:0.054160s ]

[ 2016-01-24T15:10:15+08:00 ] 127.0.0.1 /index.php/Home/user/register
INFO: [ app_init ] --START--
INFO: Run Behavior\BuildLiteBehavior [ RunTime:0.000015s ]
INFO: [ app_init ] --END-- [ RunTime:0.001164s ]
INFO: [ app_begin ] --START--
INFO: Run Behavior\ReadHtmlCacheBehavior [ RunTime:0.004364s ]
INFO: [ app_begin ] --END-- [ RunTime:0.004521s ]
INFO: [ view_parse ] --START--
INFO: [ template_filter ] --START--
INFO: Run Behavior\ContentReplaceBehavior [ RunTime:0.000112s ]
INFO: [ template_filter ] --END-- [ RunTime:0.000208s ]
INFO: Run Behavior\ParseTemplateBehavior [ RunTime:0.028776s ]
INFO: [ view_parse ] --END-- [ RunTime:0.028875s ]
INFO: [ view_filter ] --START--
INFO: Run Behavior\WriteHtmlCacheBehavior [ RunTime:0.002917s ]
INFO: [ view_filter ] --END-- [ RunTime:0.003006s ]
INFO: [ app_end ] --START--
INFO: Run Behavior\ShowPageTraceBehavior [ RunTime:0.004499s ]
INFO: [ app_end ] --END-- [ RunTime:0.004616s ]

[ 2016-01-24T15:10:31+08:00 ] 127.0.0.1 /index.php/Home/user/register
INFO: [ app_init ] --START--
INFO: Run Behavior\BuildLiteBehavior [ RunTime:0.000016s ]
INFO: [ app_init ] --END-- [ RunTime:0.001137s ]
INFO: [ app_begin ] --START--
INFO: Run Behavior\ReadHtmlCacheBehavior [ RunTime:0.003115s ]
INFO: [ app_begin ] --END-- [ RunTime:0.003545s ]
SQL: SHOW COLUMNS FROM `it_user` [ RunTime:0.019584s ]
SQL: INSERT INTO `it_user` (`username`,`email`,`password`,`token`,`register_time`) VALUES ('asion','gogery@163.com','f9bc71f3440bab950f4c39b01309f2af','473197644cc8ba8bdcc8eac2098c7832',1453619429) [ RunTime:0.002020s ]
INFO: [ view_parse ] --START--
INFO: [ template_filter ] --START--
INFO: Run Behavior\ContentReplaceBehavior [ RunTime:0.000042s ]
INFO: [ template_filter ] --END-- [ RunTime:0.000135s ]
INFO: Run Behavior\ParseTemplateBehavior [ RunTime:0.033293s ]
INFO: [ view_parse ] --END-- [ RunTime:0.033404s ]
INFO: [ view_filter ] --START--
INFO: Run Behavior\WriteHtmlCacheBehavior [ RunTime:0.002949s ]
INFO: [ view_filter ] --END-- [ RunTime:0.003011s ]

[ 2016-01-24T15:10:32+08:00 ] 127.0.0.1 /index.php/Home/Index/index.html
INFO: [ app_init ] --START--
INFO: Run Behavior\BuildLiteBehavior [ RunTime:0.000056s ]
INFO: [ app_init ] --END-- [ RunTime:0.001136s ]
INFO: [ app_begin ] --START--
INFO: Run Behavior\ReadHtmlCacheBehavior [ RunTime:0.004825s ]
INFO: [ app_begin ] --END-- [ RunTime:0.004963s ]
SQL: SHOW COLUMNS FROM `it_category` [ RunTime:0.016524s ]
SQL: SELECT * FROM `it_category` WHERE ( pid = 0 )  [ RunTime:0.000321s ]
SQL: SELECT * FROM `it_category`  [ RunTime:0.000240s ]
NOTIC: [2048] Declaration of Admin\Model\GoodsModel::_after_insert() should be compatible with that of Think\Model::_after_insert() D:\vhost\local.14.com\Application\Admin\Model\GoodsModel.class.php 第 233 行.
NOTIC: [2048] Declaration of Admin\Model\GoodsModel::_after_update() should be compatible with that of Think\Model::_after_update() D:\vhost\local.14.com\Application\Admin\Model\GoodsModel.class.php 第 233 行.
SQL: SHOW COLUMNS FROM `it_goods` [ RunTime:0.015893s ]
SQL: SELECT * FROM `it_goods` WHERE (  is_hot = 1 and is_delete = 0 ) ORDER BY id desc LIMIT 3   [ RunTime:0.001430s ]
SQL: SELECT * FROM `it_goods` WHERE (  is_best = 1 and is_delete = 0 ) ORDER BY id desc LIMIT 3   [ RunTime:0.000705s ]
SQL: SELECT * FROM `it_goods` WHERE (  is_new = 1 and is_delete = 0 ) ORDER BY id desc LIMIT 3   [ RunTime:0.000859s ]
INFO: [ view_parse ] --START--
INFO: [ template_filter ] --START--
INFO: Run Behavior\ContentReplaceBehavior [ RunTime:0.000432s ]
INFO: [ template_filter ] --END-- [ RunTime:0.000685s ]
INFO: Run Behavior\ParseTemplateBehavior [ RunTime:0.041575s ]
INFO: [ view_parse ] --END-- [ RunTime:0.041735s ]
INFO: [ view_filter ] --START--
INFO: Run Behavior\WriteHtmlCacheBehavior [ RunTime:0.003446s ]
INFO: [ view_filter ] --END-- [ RunTime:0.003523s ]
INFO: [ app_end ] --START--
INFO: Run Behavior\ShowPageTraceBehavior [ RunTime:0.004918s ]
INFO: [ app_end ] --END-- [ RunTime:0.005001s ]

[ 2016-01-24T15:11:32+08:00 ] 127.0.0.1 /index.php/Home/User/check/id/Mg==/token/473197644cc8ba8bdcc8eac2098c7832
INFO: [ app_init ] --START--
INFO: Run Behavior\BuildLiteBehavior [ RunTime:0.000016s ]
INFO: [ app_init ] --END-- [ RunTime:0.001446s ]
INFO: [ app_begin ] --START--
INFO: Run Behavior\ReadHtmlCacheBehavior [ RunTime:0.006657s ]
INFO: [ app_begin ] --END-- [ RunTime:0.006749s ]
SQL: SHOW COLUMNS FROM `it_user` [ RunTime:0.014909s ]
SQL: SELECT * FROM `it_user` WHERE `id` = 2 LIMIT 1   [ RunTime:0.000706s ]
SQL: UPDATE `it_user` SET `is_active`=1 WHERE ( id = 2 ) [ RunTime:0.001022s ]
INFO: [ view_parse ] --START--
INFO: [ template_filter ] --START--
INFO: Run Behavior\ContentReplaceBehavior [ RunTime:0.000060s ]
INFO: [ template_filter ] --END-- [ RunTime:0.000167s ]
INFO: Run Behavior\ParseTemplateBehavior [ RunTime:0.049308s ]
INFO: [ view_parse ] --END-- [ RunTime:0.049414s ]
INFO: [ view_filter ] --START--
INFO: Run Behavior\WriteHtmlCacheBehavior [ RunTime:0.011472s ]
INFO: [ view_filter ] --END-- [ RunTime:0.011632s ]

[ 2016-01-24T15:11:33+08:00 ] 127.0.0.1 /index.php/Home/Index/index.html
INFO: [ app_init ] --START--
INFO: Run Behavior\BuildLiteBehavior [ RunTime:0.000015s ]
INFO: [ app_init ] --END-- [ RunTime:0.001117s ]
INFO: [ app_begin ] --START--
INFO: Run Behavior\ReadHtmlCacheBehavior [ RunTime:0.021487s ]
INFO: [ app_begin ] --END-- [ RunTime:0.021711s ]
SQL: SHOW COLUMNS FROM `it_category` [ RunTime:0.017279s ]
SQL: SELECT * FROM `it_category` WHERE ( pid = 0 )  [ RunTime:0.000355s ]
SQL: SELECT * FROM `it_category`  [ RunTime:0.000366s ]
NOTIC: [2048] Declaration of Admin\Model\GoodsModel::_after_insert() should be compatible with that of Think\Model::_after_insert() D:\vhost\local.14.com\Application\Admin\Model\GoodsModel.class.php 第 233 行.
NOTIC: [2048] Declaration of Admin\Model\GoodsModel::_after_update() should be compatible with that of Think\Model::_after_update() D:\vhost\local.14.com\Application\Admin\Model\GoodsModel.class.php 第 233 行.
SQL: SHOW COLUMNS FROM `it_goods` [ RunTime:0.018784s ]
SQL: SELECT * FROM `it_goods` WHERE (  is_hot = 1 and is_delete = 0 ) ORDER BY id desc LIMIT 3   [ RunTime:0.000694s ]
SQL: SELECT * FROM `it_goods` WHERE (  is_best = 1 and is_delete = 0 ) ORDER BY id desc LIMIT 3   [ RunTime:0.000817s ]
SQL: SELECT * FROM `it_goods` WHERE (  is_new = 1 and is_delete = 0 ) ORDER BY id desc LIMIT 3   [ RunTime:0.000770s ]
INFO: [ view_parse ] --START--
INFO: [ template_filter ] --START--
INFO: Run Behavior\ContentReplaceBehavior [ RunTime:0.000121s ]
INFO: [ template_filter ] --END-- [ RunTime:0.000377s ]
INFO: Run Behavior\ParseTemplateBehavior [ RunTime:0.047031s ]
INFO: [ view_parse ] --END-- [ RunTime:0.047118s ]
INFO: [ view_filter ] --START--
INFO: Run Behavior\WriteHtmlCacheBehavior [ RunTime:0.006078s ]
INFO: [ view_filter ] --END-- [ RunTime:0.006141s ]
INFO: [ app_end ] --START--
INFO: Run Behavior\ShowPageTraceBehavior [ RunTime:0.012050s ]
INFO: [ app_end ] --END-- [ RunTime:0.012204s ]

[ 2016-01-24T15:11:48+08:00 ] 127.0.0.1 /index.php/Home/user/register
INFO: [ app_init ] --START--
INFO: Run Behavior\BuildLiteBehavior [ RunTime:0.000033s ]
INFO: [ app_init ] --END-- [ RunTime:0.001650s ]
INFO: [ app_begin ] --START--
INFO: Run Behavior\ReadHtmlCacheBehavior [ RunTime:0.003326s ]
INFO: [ app_begin ] --END-- [ RunTime:0.003408s ]
INFO: [ view_parse ] --START--
INFO: [ template_filter ] --START--
INFO: Run Behavior\ContentReplaceBehavior [ RunTime:0.000084s ]
INFO: [ template_filter ] --END-- [ RunTime:0.000158s ]
INFO: Run Behavior\ParseTemplateBehavior [ RunTime:0.038080s ]
INFO: [ view_parse ] --END-- [ RunTime:0.038129s ]
INFO: [ view_filter ] --START--
INFO: Run Behavior\WriteHtmlCacheBehavior [ RunTime:0.005095s ]
INFO: [ view_filter ] --END-- [ RunTime:0.005145s ]
INFO: [ app_end ] --START--
INFO: Run Behavior\ShowPageTraceBehavior [ RunTime:0.004632s ]
INFO: [ app_end ] --END-- [ RunTime:0.004721s ]

[ 2016-01-24T15:12:12+08:00 ] 127.0.0.1 /index.php/Home/user/register
INFO: [ app_init ] --START--
INFO: Run Behavior\BuildLiteBehavior [ RunTime:0.000015s ]
INFO: [ app_init ] --END-- [ RunTime:0.001208s ]
INFO: [ app_begin ] --START--
INFO: Run Behavior\ReadHtmlCacheBehavior [ RunTime:0.001588s ]
INFO: [ app_begin ] --END-- [ RunTime:0.001661s ]
SQL: SHOW COLUMNS FROM `it_user` [ RunTime:0.017354s ]
SQL: INSERT INTO `it_user` (`username`,`email`,`password`,`token`,`register_time`) VALUES ('zhansan','songer44@163.com','f9bc71f3440bab950f4c39b01309f2af','b73a979a50189204e7fa9cd341422660',1453619525) [ RunTime:0.000627s ]
INFO: [ view_parse ] --START--
INFO: [ template_filter ] --START--
INFO: Run Behavior\ContentReplaceBehavior [ RunTime:0.000269s ]
INFO: [ template_filter ] --END-- [ RunTime:0.000341s ]
INFO: Run Behavior\ParseTemplateBehavior [ RunTime:0.022557s ]
INFO: [ view_parse ] --END-- [ RunTime:0.022747s ]
INFO: [ view_filter ] --START--
INFO: Run Behavior\WriteHtmlCacheBehavior [ RunTime:0.003576s ]
INFO: [ view_filter ] --END-- [ RunTime:0.003634s ]

[ 2016-01-24T15:12:13+08:00 ] 127.0.0.1 /index.php/Home/Index/index.html
INFO: [ app_init ] --START--
INFO: Run Behavior\BuildLiteBehavior [ RunTime:0.000046s ]
INFO: [ app_init ] --END-- [ RunTime:0.002395s ]
INFO: [ app_begin ] --START--
INFO: Run Behavior\ReadHtmlCacheBehavior [ RunTime:0.002593s ]
INFO: [ app_begin ] --END-- [ RunTime:0.002811s ]
SQL: SHOW COLUMNS FROM `it_category` [ RunTime:0.019332s ]
SQL: SELECT * FROM `it_category` WHERE ( pid = 0 )  [ RunTime:0.000529s ]
SQL: SELECT * FROM `it_category`  [ RunTime:0.000439s ]
NOTIC: [2048] Declaration of Admin\Model\GoodsModel::_after_insert() should be compatible with that of Think\Model::_after_insert() D:\vhost\local.14.com\Application\Admin\Model\GoodsModel.class.php 第 233 行.
NOTIC: [2048] Declaration of Admin\Model\GoodsModel::_after_update() should be compatible with that of Think\Model::_after_update() D:\vhost\local.14.com\Application\Admin\Model\GoodsModel.class.php 第 233 行.
SQL: SHOW COLUMNS FROM `it_goods` [ RunTime:0.019949s ]
SQL: SELECT * FROM `it_goods` WHERE (  is_hot = 1 and is_delete = 0 ) ORDER BY id desc LIMIT 3   [ RunTime:0.000692s ]
SQL: SELECT * FROM `it_goods` WHERE (  is_best = 1 and is_delete = 0 ) ORDER BY id desc LIMIT 3   [ RunTime:0.000650s ]
SQL: SELECT * FROM `it_goods` WHERE (  is_new = 1 and is_delete = 0 ) ORDER BY id desc LIMIT 3   [ RunTime:0.000916s ]
INFO: [ view_parse ] --START--
INFO: [ template_filter ] --START--
INFO: Run Behavior\ContentReplaceBehavior [ RunTime:0.000132s ]
INFO: [ template_filter ] --END-- [ RunTime:0.000246s ]
INFO: Run Behavior\ParseTemplateBehavior [ RunTime:0.034552s ]
INFO: [ view_parse ] --END-- [ RunTime:0.034641s ]
INFO: [ view_filter ] --START--
INFO: Run Behavior\WriteHtmlCacheBehavior [ RunTime:0.005486s ]
INFO: [ view_filter ] --END-- [ RunTime:0.005755s ]
INFO: [ app_end ] --START--
INFO: Run Behavior\ShowPageTraceBehavior [ RunTime:0.024151s ]
INFO: [ app_end ] --END-- [ RunTime:0.024235s ]

[ 2016-01-24T15:12:26+08:00 ] 127.0.0.1 /index.php/Home/user/register
INFO: [ app_init ] --START--
INFO: Run Behavior\BuildLiteBehavior [ RunTime:0.000017s ]
INFO: [ app_init ] --END-- [ RunTime:0.001671s ]
INFO: [ app_begin ] --START--
INFO: Run Behavior\ReadHtmlCacheBehavior [ RunTime:0.005925s ]
INFO: [ app_begin ] --END-- [ RunTime:0.006108s ]
INFO: [ view_parse ] --START--
INFO: [ template_filter ] --START--
INFO: Run Behavior\ContentReplaceBehavior [ RunTime:0.000225s ]
INFO: [ template_filter ] --END-- [ RunTime:0.000813s ]
INFO: Run Behavior\ParseTemplateBehavior [ RunTime:0.067629s ]
INFO: [ view_parse ] --END-- [ RunTime:0.067728s ]
INFO: [ view_filter ] --START--
INFO: Run Behavior\WriteHtmlCacheBehavior [ RunTime:0.006725s ]
INFO: [ view_filter ] --END-- [ RunTime:0.006787s ]
INFO: [ app_end ] --START--
INFO: Run Behavior\ShowPageTraceBehavior [ RunTime:0.011630s ]
INFO: [ app_end ] --END-- [ RunTime:0.011785s ]

[ 2016-01-24T15:23:18+08:00 ] 127.0.0.1 /index.php/Home/user/register
INFO: [ app_init ] --START--
INFO: Run Behavior\BuildLiteBehavior [ RunTime:0.000016s ]
INFO: [ app_init ] --END-- [ RunTime:0.001419s ]
INFO: [ app_begin ] --START--
INFO: Run Behavior\ReadHtmlCacheBehavior [ RunTime:0.003790s ]
INFO: [ app_begin ] --END-- [ RunTime:0.003877s ]
SQL: SHOW COLUMNS FROM `it_category` [ RunTime:0.034812s ]
SQL: SELECT * FROM `it_category` WHERE ( pid = 0 )  [ RunTime:0.000487s ]
INFO: [ view_parse ] --START--
INFO: [ template_filter ] --START--
INFO: Run Behavior\ContentReplaceBehavior [ RunTime:0.000169s ]
INFO: [ template_filter ] --END-- [ RunTime:0.000354s ]
INFO: Run Behavior\ParseTemplateBehavior [ RunTime:0.038137s ]
INFO: [ view_parse ] --END-- [ RunTime:0.038369s ]
INFO: [ view_filter ] --START--
INFO: Run Behavior\WriteHtmlCacheBehavior [ RunTime:0.003397s ]
INFO: [ view_filter ] --END-- [ RunTime:0.003460s ]
INFO: [ app_end ] --START--
INFO: Run Behavior\ShowPageTraceBehavior [ RunTime:0.006931s ]
INFO: [ app_end ] --END-- [ RunTime:0.007171s ]

[ 2016-01-24T15:23:44+08:00 ] 127.0.0.1 /index.php/Home/user/register
INFO: [ app_init ] --START--
INFO: Run Behavior\BuildLiteBehavior [ RunTime:0.000020s ]
INFO: [ app_init ] --END-- [ RunTime:0.004534s ]
INFO: [ app_begin ] --START--
INFO: Run Behavior\ReadHtmlCacheBehavior [ RunTime:0.004329s ]
INFO: [ app_begin ] --END-- [ RunTime:0.004415s ]
SQL: SHOW COLUMNS FROM `it_category` [ RunTime:0.025885s ]
SQL: SELECT * FROM `it_category` WHERE ( pid = 0 )  [ RunTime:0.000745s ]
INFO: [ view_parse ] --START--
INFO: [ template_filter ] --START--
INFO: Run Behavior\ContentReplaceBehavior [ RunTime:0.000074s ]
INFO: [ template_filter ] --END-- [ RunTime:0.000202s ]
INFO: Run Behavior\ParseTemplateBehavior [ RunTime:0.073043s ]
INFO: [ view_parse ] --END-- [ RunTime:0.073599s ]
INFO: [ view_filter ] --START--
INFO: Run Behavior\WriteHtmlCacheBehavior [ RunTime:0.003874s ]
INFO: [ view_filter ] --END-- [ RunTime:0.003956s ]
INFO: [ app_end ] --START--
INFO: Run Behavior\ShowPageTraceBehavior [ RunTime:0.010449s ]
INFO: [ app_end ] --END-- [ RunTime:0.010547s ]

[ 2016-01-24T15:23:46+08:00 ] 127.0.0.1 /index.php/Home/User/category/cate_id/1
INFO: [ app_init ] --START--
INFO: Run Behavior\BuildLiteBehavior [ RunTime:0.000017s ]
INFO: [ app_init ] --END-- [ RunTime:0.001609s ]
INFO: [ app_begin ] --START--
INFO: Run Behavior\ReadHtmlCacheBehavior [ RunTime:0.006189s ]
INFO: [ app_begin ] --END-- [ RunTime:0.006487s ]
ERR: 非法操作:category

[ 2016-01-24T15:23:51+08:00 ] 127.0.0.1 /index.php/Home/User/category/cate_id/8
INFO: [ app_init ] --START--
INFO: Run Behavior\BuildLiteBehavior [ RunTime:0.000017s ]
INFO: [ app_init ] --END-- [ RunTime:0.001090s ]
INFO: [ app_begin ] --START--
INFO: Run Behavior\ReadHtmlCacheBehavior [ RunTime:0.003249s ]
INFO: [ app_begin ] --END-- [ RunTime:0.003392s ]
ERR: 非法操作:category

[ 2016-01-24T15:24:31+08:00 ] 127.0.0.1 /index.php/Home/user/register
INFO: [ app_init ] --START--
INFO: Run Behavior\BuildLiteBehavior [ RunTime:0.000018s ]
INFO: [ app_init ] --END-- [ RunTime:0.001411s ]
INFO: [ app_begin ] --START--
INFO: Run Behavior\ReadHtmlCacheBehavior [ RunTime:0.006137s ]
INFO: [ app_begin ] --END-- [ RunTime:0.006228s ]
SQL: SHOW COLUMNS FROM `it_category` [ RunTime:0.024534s ]
SQL: SELECT * FROM `it_category` WHERE ( pid = 0 )  [ RunTime:0.001130s ]
INFO: [ view_parse ] --START--
INFO: [ template_filter ] --START--
INFO: Run Behavior\ContentReplaceBehavior [ RunTime:0.000364s ]
INFO: [ template_filter ] --END-- [ RunTime:0.000537s ]
INFO: Run Behavior\ParseTemplateBehavior [ RunTime:0.040836s ]
INFO: [ view_parse ] --END-- [ RunTime:0.041031s ]
INFO: [ view_filter ] --START--
INFO: Run Behavior\WriteHtmlCacheBehavior [ RunTime:0.002828s ]
INFO: [ view_filter ] --END-- [ RunTime:0.002887s ]
INFO: [ app_end ] --START--
INFO: Run Behavior\ShowPageTraceBehavior [ RunTime:0.006868s ]
INFO: [ app_end ] --END-- [ RunTime:0.012488s ]

[ 2016-01-24T15:24:33+08:00 ] 127.0.0.1 /index.php/Home/Index/category/cate_id/1
INFO: [ app_init ] --START--
INFO: Run Behavior\BuildLiteBehavior [ RunTime:0.000015s ]
INFO: [ app_init ] --END-- [ RunTime:0.000716s ]
INFO: [ app_begin ] --START--
INFO: Run Behavior\ReadHtmlCacheBehavior [ RunTime:0.006595s ]
INFO: [ app_begin ] --END-- [ RunTime:0.006752s ]
SQL: SHOW COLUMNS FROM `it_category` [ RunTime:0.017920s ]
SQL: SELECT * FROM `it_category` WHERE ( pid = 0 )  [ RunTime:0.000436s ]
SQL: SELECT * FROM `it_category`  [ RunTime:0.000342s ]
SQL: SELECT * FROM `it_category`  [ RunTime:0.000383s ]
NOTIC: [2048] Declaration of Admin\Model\GoodsModel::_after_insert() should be compatible with that of Think\Model::_after_insert() D:\vhost\local.14.com\Application\Admin\Model\GoodsModel.class.php 第 233 行.
NOTIC: [2048] Declaration of Admin\Model\GoodsModel::_after_update() should be compatible with that of Think\Model::_after_update() D:\vhost\local.14.com\Application\Admin\Model\GoodsModel.class.php 第 233 行.
SQL: SHOW COLUMNS FROM `it_goods` [ RunTime:0.017152s ]
SQL: SELECT COUNT(*) AS tp_count FROM `it_goods` WHERE ( cate_id in (2,4,3,5,6,7,1) and is_delete = 0  ) LIMIT 1   [ RunTime:0.005664s ]
SQL: SELECT * FROM `it_goods` WHERE ( cate_id in (2,4,3,5,6,7,1) and is_delete = 0  ) ORDER BY id desc LIMIT 0,8   [ RunTime:0.001238s ]
SQL: SELECT * FROM `it_goods` WHERE (  is_best = 1 and is_delete = 0 ) ORDER BY id desc LIMIT 3   [ RunTime:0.000701s ]
SQL: SELECT * FROM `it_category`  [ RunTime:0.000747s ]
INFO: [ view_parse ] --START--
INFO: [ template_filter ] --START--
INFO: Run Behavior\ContentReplaceBehavior [ RunTime:0.000114s ]
INFO: [ template_filter ] --END-- [ RunTime:0.000184s ]
INFO: Run Behavior\ParseTemplateBehavior [ RunTime:0.040849s ]
INFO: [ view_parse ] --END-- [ RunTime:0.040928s ]
INFO: [ view_filter ] --START--
INFO: Run Behavior\WriteHtmlCacheBehavior [ RunTime:0.003046s ]
INFO: [ view_filter ] --END-- [ RunTime:0.003273s ]
INFO: [ app_end ] --START--
INFO: Run Behavior\ShowPageTraceBehavior [ RunTime:0.005502s ]
INFO: [ app_end ] --END-- [ RunTime:0.005585s ]

[ 2016-01-24T15:24:34+08:00 ] 127.0.0.1 /index.php
INFO: [ app_init ] --START--
INFO: Run Behavior\BuildLiteBehavior [ RunTime:0.000018s ]
INFO: [ app_init ] --END-- [ RunTime:0.001336s ]
INFO: [ app_begin ] --START--
INFO: Run Behavior\ReadHtmlCacheBehavior [ RunTime:0.002919s ]
INFO: [ app_begin ] --END-- [ RunTime:0.003019s ]
SQL: SHOW COLUMNS FROM `it_category` [ RunTime:0.020778s ]
SQL: SELECT * FROM `it_category` WHERE ( pid = 0 )  [ RunTime:0.000438s ]
SQL: SELECT * FROM `it_category`  [ RunTime:0.000444s ]
NOTIC: [2048] Declaration of Admin\Model\GoodsModel::_after_insert() should be compatible with that of Think\Model::_after_insert() D:\vhost\local.14.com\Application\Admin\Model\GoodsModel.class.php 第 233 行.
NOTIC: [2048] Declaration of Admin\Model\GoodsModel::_after_update() should be compatible with that of Think\Model::_after_update() D:\vhost\local.14.com\Application\Admin\Model\GoodsModel.class.php 第 233 行.
SQL: SHOW COLUMNS FROM `it_goods` [ RunTime:0.026021s ]
SQL: SELECT * FROM `it_goods` WHERE (  is_hot = 1 and is_delete = 0 ) ORDER BY id desc LIMIT 3   [ RunTime:0.000691s ]
SQL: SELECT * FROM `it_goods` WHERE (  is_best = 1 and is_delete = 0 ) ORDER BY id desc LIMIT 3   [ RunTime:0.000668s ]
SQL: SELECT * FROM `it_goods` WHERE (  is_new = 1 and is_delete = 0 ) ORDER BY id desc LIMIT 3   [ RunTime:0.000969s ]
INFO: [ view_parse ] --START--
INFO: [ template_filter ] --START--
INFO: Run Behavior\ContentReplaceBehavior [ RunTime:0.000145s ]
INFO: [ template_filter ] --END-- [ RunTime:0.000210s ]
INFO: Run Behavior\ParseTemplateBehavior [ RunTime:0.040467s ]
INFO: [ view_parse ] --END-- [ RunTime:0.040537s ]
INFO: [ view_filter ] --START--
INFO: Run Behavior\WriteHtmlCacheBehavior [ RunTime:0.003078s ]
INFO: [ view_filter ] --END-- [ RunTime:0.003143s ]
INFO: [ app_end ] --START--
INFO: Run Behavior\ShowPageTraceBehavior [ RunTime:0.007831s ]
INFO: [ app_end ] --END-- [ RunTime:0.007906s ]

[ 2016-01-24T15:25:31+08:00 ] 127.0.0.1 /index.php
INFO: [ app_init ] --START--
INFO: Run Behavior\BuildLiteBehavior [ RunTime:0.000031s ]
INFO: [ app_init ] --END-- [ RunTime:0.002206s ]
INFO: [ app_begin ] --START--
INFO: Run Behavior\ReadHtmlCacheBehavior [ RunTime:0.008691s ]
INFO: [ app_begin ] --END-- [ RunTime:0.008907s ]
SQL: SHOW COLUMNS FROM `it_category` [ RunTime:0.026164s ]
SQL: SELECT * FROM `it_category` WHERE ( pid = 0 )  [ RunTime:0.000422s ]
SQL: SELECT * FROM `it_category`  [ RunTime:0.000488s ]
NOTIC: [2048] Declaration of Admin\Model\GoodsModel::_after_insert() should be compatible with that of Think\Model::_after_insert() D:\vhost\local.14.com\Application\Admin\Model\GoodsModel.class.php 第 233 行.
NOTIC: [2048] Declaration of Admin\Model\GoodsModel::_after_update() should be compatible with that of Think\Model::_after_update() D:\vhost\local.14.com\Application\Admin\Model\GoodsModel.class.php 第 233 行.
SQL: SHOW COLUMNS FROM `it_goods` [ RunTime:0.026810s ]
SQL: SELECT * FROM `it_goods` WHERE (  is_hot = 1 and is_delete = 0 ) ORDER BY id desc LIMIT 3   [ RunTime:0.000732s ]
SQL: SELECT * FROM `it_goods` WHERE (  is_best = 1 and is_delete = 0 ) ORDER BY id desc LIMIT 3   [ RunTime:0.000653s ]
SQL: SELECT * FROM `it_goods` WHERE (  is_new = 1 and is_delete = 0 ) ORDER BY id desc LIMIT 3   [ RunTime:0.000796s ]
INFO: [ view_parse ] --START--
INFO: [ template_filter ] --START--
INFO: Run Behavior\ContentReplaceBehavior [ RunTime:0.000108s ]
INFO: [ template_filter ] --END-- [ RunTime:0.000169s ]
INFO: Run Behavior\ParseTemplateBehavior [ RunTime:0.060824s ]
INFO: [ view_parse ] --END-- [ RunTime:0.060929s ]
INFO: [ view_filter ] --START--
INFO: Run Behavior\WriteHtmlCacheBehavior [ RunTime:0.008163s ]
INFO: [ view_filter ] --END-- [ RunTime:0.008237s ]
INFO: [ app_end ] --START--
INFO: Run Behavior\ShowPageTraceBehavior [ RunTime:0.007326s ]
INFO: [ app_end ] --END-- [ RunTime:0.007414s ]

[ 2016-01-24T15:25:34+08:00 ] 127.0.0.1 /index.php/Home/User/register.html
INFO: [ app_init ] --START--
INFO: Run Behavior\BuildLiteBehavior [ RunTime:0.000027s ]
INFO: [ app_init ] --END-- [ RunTime:0.003531s ]
INFO: [ app_begin ] --START--
INFO: Run Behavior\ReadHtmlCacheBehavior [ RunTime:0.004572s ]
INFO: [ app_begin ] --END-- [ RunTime:0.004691s ]
SQL: SHOW COLUMNS FROM `it_category` [ RunTime:0.024040s ]
SQL: SELECT * FROM `it_category` WHERE ( pid = 0 )  [ RunTime:0.000476s ]
INFO: [ view_parse ] --START--
INFO: [ template_filter ] --START--
INFO: Run Behavior\ContentReplaceBehavior [ RunTime:0.000111s ]
INFO: [ template_filter ] --END-- [ RunTime:0.000280s ]
INFO: Run Behavior\ParseTemplateBehavior [ RunTime:0.046707s ]
INFO: [ view_parse ] --END-- [ RunTime:0.047121s ]
INFO: [ view_filter ] --START--
INFO: Run Behavior\WriteHtmlCacheBehavior [ RunTime:0.006403s ]
INFO: [ view_filter ] --END-- [ RunTime:0.006542s ]
INFO: [ app_end ] --START--
INFO: Run Behavior\ShowPageTraceBehavior [ RunTime:0.033437s ]
INFO: [ app_end ] --END-- [ RunTime:0.033539s ]

[ 2016-01-24T15:25:38+08:00 ] 127.0.0.1 /index.php/Home/User/register.html
INFO: [ app_init ] --START--
INFO: Run Behavior\BuildLiteBehavior [ RunTime:0.000016s ]
INFO: [ app_init ] --END-- [ RunTime:0.000822s ]
INFO: [ app_begin ] --START--
INFO: Run Behavior\ReadHtmlCacheBehavior [ RunTime:0.007598s ]
INFO: [ app_begin ] --END-- [ RunTime:0.007859s ]
SQL: SHOW COLUMNS FROM `it_category` [ RunTime:0.044314s ]
SQL: SELECT * FROM `it_category` WHERE ( pid = 0 )  [ RunTime:0.001217s ]
INFO: [ view_parse ] --START--
INFO: [ template_filter ] --START--
INFO: Run Behavior\ContentReplaceBehavior [ RunTime:0.000077s ]
INFO: [ template_filter ] --END-- [ RunTime:0.000195s ]
INFO: Run Behavior\ParseTemplateBehavior [ RunTime:0.044927s ]
INFO: [ view_parse ] --END-- [ RunTime:0.045097s ]
INFO: [ view_filter ] --START--
INFO: Run Behavior\WriteHtmlCacheBehavior [ RunTime:0.004688s ]
INFO: [ view_filter ] --END-- [ RunTime:0.004760s ]
INFO: [ app_end ] --START--
INFO: Run Behavior\ShowPageTraceBehavior [ RunTime:0.010082s ]
INFO: [ app_end ] --END-- [ RunTime:0.010187s ]

[ 2016-01-24T15:25:54+08:00 ] 127.0.0.1 /index.php/Home/User/register.html
INFO: [ app_init ] --START--
INFO: Run Behavior\BuildLiteBehavior [ RunTime:0.000016s ]
INFO: [ app_init ] --END-- [ RunTime:0.001145s ]
INFO: [ app_begin ] --START--
INFO: Run Behavior\ReadHtmlCacheBehavior [ RunTime:0.001658s ]
INFO: [ app_begin ] --END-- [ RunTime:0.001772s ]
SQL: SHOW COLUMNS FROM `it_category` [ RunTime:0.015707s ]
SQL: SELECT * FROM `it_category` WHERE ( pid = 0 )  [ RunTime:0.000688s ]
INFO: [ view_parse ] --START--
INFO: [ template_filter ] --START--
INFO: Run Behavior\ContentReplaceBehavior [ RunTime:0.000125s ]
INFO: [ template_filter ] --END-- [ RunTime:0.000404s ]
INFO: Run Behavior\ParseTemplateBehavior [ RunTime:0.060299s ]
INFO: [ view_parse ] --END-- [ RunTime:0.060484s ]
INFO: [ view_filter ] --START--
INFO: Run Behavior\WriteHtmlCacheBehavior [ RunTime:0.003643s ]
INFO: [ view_filter ] --END-- [ RunTime:0.003713s ]
INFO: [ app_end ] --START--
INFO: Run Behavior\ShowPageTraceBehavior [ RunTime:0.010181s ]
INFO: [ app_end ] --END-- [ RunTime:0.010255s ]

[ 2016-01-24T15:25:54+08:00 ] 127.0.0.1 /index.php/Home/User/login.html
INFO: [ app_init ] --START--
INFO: Run Behavior\BuildLiteBehavior [ RunTime:0.000025s ]
INFO: [ app_init ] --END-- [ RunTime:0.006063s ]
INFO: [ app_begin ] --START--
INFO: Run Behavior\ReadHtmlCacheBehavior [ RunTime:0.007627s ]
INFO: [ app_begin ] --END-- [ RunTime:0.008583s ]
ERR: 非法操作:login

[ 2016-01-24T15:41:08+08:00 ] 127.0.0.1 /index.php/Home/User/register.html
INFO: [ app_init ] --START--
INFO: Run Behavior\BuildLiteBehavior [ RunTime:0.000018s ]
INFO: [ app_init ] --END-- [ RunTime:0.001459s ]
INFO: [ app_begin ] --START--
INFO: Run Behavior\ReadHtmlCacheBehavior [ RunTime:0.005529s ]
INFO: [ app_begin ] --END-- [ RunTime:0.005612s ]
SQL: SHOW COLUMNS FROM `it_category` [ RunTime:0.013247s ]
SQL: SELECT * FROM `it_category` WHERE ( pid = 0 )  [ RunTime:0.000501s ]
INFO: [ view_parse ] --START--
INFO: [ template_filter ] --START--
INFO: Run Behavior\ContentReplaceBehavior [ RunTime:0.000069s ]
INFO: [ template_filter ] --END-- [ RunTime:0.000174s ]
INFO: Run Behavior\ParseTemplateBehavior [ RunTime:0.038839s ]
INFO: [ view_parse ] --END-- [ RunTime:0.038967s ]
INFO: [ view_filter ] --START--
INFO: Run Behavior\WriteHtmlCacheBehavior [ RunTime:0.004112s ]
INFO: [ view_filter ] --END-- [ RunTime:0.004192s ]
INFO: [ app_end ] --START--
INFO: Run Behavior\ShowPageTraceBehavior [ RunTime:0.051033s ]
INFO: [ app_end ] --END-- [ RunTime:0.051751s ]

[ 2016-01-24T15:44:59+08:00 ] 127.0.0.1 /index.php/Home/User/login.html
INFO: [ app_init ] --START--
INFO: Run Behavior\BuildLiteBehavior [ RunTime:0.000019s ]
INFO: [ app_init ] --END-- [ RunTime:0.001505s ]
INFO: [ app_begin ] --START--
INFO: Run Behavior\ReadHtmlCacheBehavior [ RunTime:0.003314s ]
INFO: [ app_begin ] --END-- [ RunTime:0.003448s ]
INFO: [ view_parse ] --START--
INFO: [ template_filter ] --START--
INFO: Run Behavior\ContentReplaceBehavior [ RunTime:0.000138s ]
INFO: [ template_filter ] --END-- [ RunTime:0.000305s ]
NOTIC: [8] Undefined variable: navData D:\vhost\local.14.com\Application\Runtime\Cache\Home\5c9ee6d19cd41add49f97afe3aef0b25.php 第 39 行.
NOTIC: [2] Invalid argument supplied for foreach() D:\vhost\local.14.com\Application\Runtime\Cache\Home\5c9ee6d19cd41add49f97afe3aef0b25.php 第 39 行.
INFO: Run Behavior\ParseTemplateBehavior [ RunTime:0.058284s ]
INFO: [ view_parse ] --END-- [ RunTime:0.058371s ]
INFO: [ view_filter ] --START--
INFO: Run Behavior\WriteHtmlCacheBehavior [ RunTime:0.004323s ]
INFO: [ view_filter ] --END-- [ RunTime:0.004391s ]
INFO: [ app_end ] --START--
INFO: Run Behavior\ShowPageTraceBehavior [ RunTime:0.026552s ]
INFO: [ app_end ] --END-- [ RunTime:0.026639s ]

[ 2016-01-24T15:46:16+08:00 ] 127.0.0.1 /index.php/Home/User/login.html
INFO: [ app_init ] --START--
INFO: Run Behavior\BuildLiteBehavior [ RunTime:0.000031s ]
INFO: [ app_init ] --END-- [ RunTime:0.001062s ]
INFO: [ app_begin ] --START--
INFO: Run Behavior\ReadHtmlCacheBehavior [ RunTime:0.003264s ]
INFO: [ app_begin ] --END-- [ RunTime:0.003392s ]
SQL: SHOW COLUMNS FROM `it_category` [ RunTime:0.018862s ]
SQL: SELECT * FROM `it_category` WHERE ( pid = 0 )  [ RunTime:0.000460s ]
INFO: [ view_parse ] --START--
INFO: [ template_filter ] --START--
INFO: Run Behavior\ContentReplaceBehavior [ RunTime:0.000170s ]
INFO: [ template_filter ] --END-- [ RunTime:0.000298s ]
INFO: Run Behavior\ParseTemplateBehavior [ RunTime:0.029982s ]
INFO: [ view_parse ] --END-- [ RunTime:0.030094s ]
INFO: [ view_filter ] --START--
INFO: Run Behavior\WriteHtmlCacheBehavior [ RunTime:0.002678s ]
INFO: [ view_filter ] --END-- [ RunTime:0.002727s ]
INFO: [ app_end ] --START--
INFO: Run Behavior\ShowPageTraceBehavior [ RunTime:0.011026s ]
INFO: [ app_end ] --END-- [ RunTime:0.011114s ]

[ 2016-01-24T15:46:18+08:00 ] 127.0.0.1 /index.php/Home/Index/category/cate_id/1
INFO: [ app_init ] --START--
INFO: Run Behavior\BuildLiteBehavior [ RunTime:0.000017s ]
INFO: [ app_init ] --END-- [ RunTime:0.000845s ]
INFO: [ app_begin ] --START--
INFO: Run Behavior\ReadHtmlCacheBehavior [ RunTime:0.005807s ]
INFO: [ app_begin ] --END-- [ RunTime:0.005934s ]
SQL: SHOW COLUMNS FROM `it_category` [ RunTime:0.017905s ]
SQL: SELECT * FROM `it_category` WHERE ( pid = 0 )  [ RunTime:0.000766s ]
SQL: SELECT * FROM `it_category`  [ RunTime:0.000720s ]
SQL: SELECT * FROM `it_category`  [ RunTime:0.000393s ]
NOTIC: [2048] Declaration of Admin\Model\GoodsModel::_after_insert() should be compatible with that of Think\Model::_after_insert() D:\vhost\local.14.com\Application\Admin\Model\GoodsModel.class.php 第 233 行.
NOTIC: [2048] Declaration of Admin\Model\GoodsModel::_after_update() should be compatible with that of Think\Model::_after_update() D:\vhost\local.14.com\Application\Admin\Model\GoodsModel.class.php 第 233 行.
SQL: SHOW COLUMNS FROM `it_goods` [ RunTime:0.016559s ]
SQL: SELECT COUNT(*) AS tp_count FROM `it_goods` WHERE ( cate_id in (2,4,3,5,6,7,1) and is_delete = 0  ) LIMIT 1   [ RunTime:0.001091s ]
SQL: SELECT * FROM `it_goods` WHERE ( cate_id in (2,4,3,5,6,7,1) and is_delete = 0  ) ORDER BY id desc LIMIT 0,8   [ RunTime:0.001892s ]
SQL: SELECT * FROM `it_goods` WHERE (  is_best = 1 and is_delete = 0 ) ORDER BY id desc LIMIT 3   [ RunTime:0.001388s ]
SQL: SELECT * FROM `it_category`  [ RunTime:0.000331s ]
INFO: [ view_parse ] --START--
INFO: [ template_filter ] --START--
INFO: Run Behavior\ContentReplaceBehavior [ RunTime:0.000130s ]
INFO: [ template_filter ] --END-- [ RunTime:0.000208s ]
INFO: Run Behavior\ParseTemplateBehavior [ RunTime:0.029550s ]
INFO: [ view_parse ] --END-- [ RunTime:0.029642s ]
INFO: [ view_filter ] --START--
INFO: Run Behavior\WriteHtmlCacheBehavior [ RunTime:0.001609s ]
INFO: [ view_filter ] --END-- [ RunTime:0.001662s ]
INFO: [ app_end ] --START--
INFO: Run Behavior\ShowPageTraceBehavior [ RunTime:0.002423s ]
INFO: [ app_end ] --END-- [ RunTime:0.002523s ]

[ 2016-01-24T15:46:20+08:00 ] 127.0.0.1 /index.php/Home/User/login.html
INFO: [ app_init ] --START--
INFO: Run Behavior\BuildLiteBehavior [ RunTime:0.000021s ]
INFO: [ app_init ] --END-- [ RunTime:0.000896s ]
INFO: [ app_begin ] --START--
INFO: Run Behavior\ReadHtmlCacheBehavior [ RunTime:0.006143s ]
INFO: [ app_begin ] --END-- [ RunTime:0.006333s ]
SQL: SHOW COLUMNS FROM `it_category` [ RunTime:0.022212s ]
SQL: SELECT * FROM `it_category` WHERE ( pid = 0 )  [ RunTime:0.000452s ]
INFO: [ view_parse ] --START--
INFO: [ template_filter ] --START--
INFO: Run Behavior\ContentReplaceBehavior [ RunTime:0.000193s ]
INFO: [ template_filter ] --END-- [ RunTime:0.000332s ]
INFO: Run Behavior\ParseTemplateBehavior [ RunTime:0.045539s ]
INFO: [ view_parse ] --END-- [ RunTime:0.045684s ]
INFO: [ view_filter ] --START--
INFO: Run Behavior\WriteHtmlCacheBehavior [ RunTime:0.002913s ]
INFO: [ view_filter ] --END-- [ RunTime:0.003052s ]
INFO: [ app_end ] --START--
INFO: Run Behavior\ShowPageTraceBehavior [ RunTime:0.003531s ]
INFO: [ app_end ] --END-- [ RunTime:0.003914s ]

[ 2016-01-24T15:51:54+08:00 ] 127.0.0.1 /index.php/Home/User/login.html
INFO: [ app_init ] --START--
INFO: Run Behavior\BuildLiteBehavior [ RunTime:0.000101s ]
INFO: [ app_init ] --END-- [ RunTime:0.000307s ]
INFO: [ app_begin ] --START--
INFO: Run Behavior\ReadHtmlCacheBehavior [ RunTime:0.009837s ]
INFO: [ app_begin ] --END-- [ RunTime:0.009918s ]
SQL: SHOW COLUMNS FROM `it_category` [ RunTime:0.021311s ]
SQL: SELECT * FROM `it_category` WHERE ( pid = 0 )  [ RunTime:0.000782s ]
INFO: [ view_parse ] --START--
INFO: [ template_filter ] --START--
INFO: Run Behavior\ContentReplaceBehavior [ RunTime:0.000102s ]
INFO: [ template_filter ] --END-- [ RunTime:0.000180s ]
INFO: Run Behavior\ParseTemplateBehavior [ RunTime:0.050295s ]
INFO: [ view_parse ] --END-- [ RunTime:0.050501s ]
INFO: [ view_filter ] --START--
INFO: Run Behavior\WriteHtmlCacheBehavior [ RunTime:0.003013s ]
INFO: [ view_filter ] --END-- [ RunTime:0.003070s ]
INFO: [ app_end ] --START--
INFO: Run Behavior\ShowPageTraceBehavior [ RunTime:0.010250s ]
INFO: [ app_end ] --END-- [ RunTime:0.010352s ]

[ 2016-01-24T15:52:01+08:00 ] 127.0.0.1 /index.php/Home/User/login.html
INFO: [ app_init ] --START--
INFO: Run Behavior\BuildLiteBehavior [ RunTime:0.000019s ]
INFO: [ app_init ] --END-- [ RunTime:0.001342s ]
INFO: [ app_begin ] --START--
INFO: Run Behavior\ReadHtmlCacheBehavior [ RunTime:0.002559s ]
INFO: [ app_begin ] --END-- [ RunTime:0.002642s ]
SQL: SHOW COLUMNS FROM `it_user` [ RunTime:0.024502s ]
SQL: SELECT * FROM `it_user` WHERE ( username = caoyang ) LIMIT 1   [ RunTime:0.000650s ]
ERR: 1054:Unknown column 'caoyang' in 'where clause'
 [ SQL语句 ] : SELECT * FROM `it_user` WHERE ( username = caoyang ) LIMIT 1  
INFO: [ view_parse ] --START--
INFO: [ template_filter ] --START--
INFO: Run Behavior\ContentReplaceBehavior [ RunTime:0.000054s ]
INFO: [ template_filter ] --END-- [ RunTime:0.000121s ]
INFO: Run Behavior\ParseTemplateBehavior [ RunTime:0.030457s ]
INFO: [ view_parse ] --END-- [ RunTime:0.030625s ]
INFO: [ view_filter ] --START--
INFO: Run Behavior\WriteHtmlCacheBehavior [ RunTime:0.002281s ]
INFO: [ view_filter ] --END-- [ RunTime:0.002337s ]

[ 2016-01-24T15:52:04+08:00 ] 127.0.0.1 /index.php/Home/User/login.html
INFO: [ app_init ] --START--
INFO: Run Behavior\BuildLiteBehavior [ RunTime:0.000015s ]
INFO: [ app_init ] --END-- [ RunTime:0.000705s ]
INFO: [ app_begin ] --START--
INFO: Run Behavior\ReadHtmlCacheBehavior [ RunTime:0.003203s ]
INFO: [ app_begin ] --END-- [ RunTime:0.003285s ]
SQL: SHOW COLUMNS FROM `it_category` [ RunTime:0.024669s ]
SQL: SELECT * FROM `it_category` WHERE ( pid = 0 )  [ RunTime:0.000546s ]
INFO: [ view_parse ] --START--
INFO: [ template_filter ] --START--
INFO: Run Behavior\ContentReplaceBehavior [ RunTime:0.000118s ]
INFO: [ template_filter ] --END-- [ RunTime:0.000599s ]
INFO: Run Behavior\ParseTemplateBehavior [ RunTime:0.041941s ]
INFO: [ view_parse ] --END-- [ RunTime:0.042074s ]
INFO: [ view_filter ] --START--
INFO: Run Behavior\WriteHtmlCacheBehavior [ RunTime:0.007437s ]
INFO: [ view_filter ] --END-- [ RunTime:0.007521s ]
INFO: [ app_end ] --START--
INFO: Run Behavior\ShowPageTraceBehavior [ RunTime:0.016588s ]
INFO: [ app_end ] --END-- [ RunTime:0.017180s ]

[ 2016-01-24T15:52:20+08:00 ] 127.0.0.1 /index.php/Home/User/login.html
INFO: [ app_init ] --START--
INFO: Run Behavior\BuildLiteBehavior [ RunTime:0.000019s ]
INFO: [ app_init ] --END-- [ RunTime:0.001110s ]
INFO: [ app_begin ] --START--
INFO: Run Behavior\ReadHtmlCacheBehavior [ RunTime:0.001452s ]
INFO: [ app_begin ] --END-- [ RunTime:0.001520s ]
SQL: SHOW COLUMNS FROM `it_user` [ RunTime:0.016370s ]
SQL: SELECT * FROM `it_user` WHERE ( username = asion ) LIMIT 1   [ RunTime:0.000295s ]
ERR: 1054:Unknown column 'asion' in 'where clause'
 [ SQL语句 ] : SELECT * FROM `it_user` WHERE ( username = asion ) LIMIT 1  
INFO: [ view_parse ] --START--
INFO: [ template_filter ] --START--
INFO: Run Behavior\ContentReplaceBehavior [ RunTime:0.000038s ]
INFO: [ template_filter ] --END-- [ RunTime:0.000104s ]
INFO: Run Behavior\ParseTemplateBehavior [ RunTime:0.040983s ]
INFO: [ view_parse ] --END-- [ RunTime:0.041076s ]
INFO: [ view_filter ] --START--
INFO: Run Behavior\WriteHtmlCacheBehavior [ RunTime:0.002899s ]
INFO: [ view_filter ] --END-- [ RunTime:0.002961s ]

[ 2016-01-24T15:52:24+08:00 ] 127.0.0.1 /index.php/Home/User/login.html
INFO: [ app_init ] --START--
INFO: Run Behavior\BuildLiteBehavior [ RunTime:0.000020s ]
INFO: [ app_init ] --END-- [ RunTime:0.001542s ]
INFO: [ app_begin ] --START--
INFO: Run Behavior\ReadHtmlCacheBehavior [ RunTime:0.001714s ]
INFO: [ app_begin ] --END-- [ RunTime:0.002129s ]
SQL: SHOW COLUMNS FROM `it_category` [ RunTime:0.018182s ]
SQL: SELECT * FROM `it_category` WHERE ( pid = 0 )  [ RunTime:0.001238s ]
INFO: [ view_parse ] --START--
INFO: [ template_filter ] --START--
INFO: Run Behavior\ContentReplaceBehavior [ RunTime:0.000098s ]
INFO: [ template_filter ] --END-- [ RunTime:0.000177s ]
INFO: Run Behavior\ParseTemplateBehavior [ RunTime:0.034936s ]
INFO: [ view_parse ] --END-- [ RunTime:0.035040s ]
INFO: [ view_filter ] --START--
INFO: Run Behavior\WriteHtmlCacheBehavior [ RunTime:0.002930s ]
INFO: [ view_filter ] --END-- [ RunTime:0.003061s ]
INFO: [ app_end ] --START--
INFO: Run Behavior\ShowPageTraceBehavior [ RunTime:0.007757s ]
INFO: [ app_end ] --END-- [ RunTime:0.007975s ]

[ 2016-01-24T15:52:34+08:00 ] 127.0.0.1 /index.php/Home/User/login.html
INFO: [ app_init ] --START--
INFO: Run Behavior\BuildLiteBehavior [ RunTime:0.000015s ]
INFO: [ app_init ] --END-- [ RunTime:0.001378s ]
INFO: [ app_begin ] --START--
INFO: Run Behavior\ReadHtmlCacheBehavior [ RunTime:0.003025s ]
INFO: [ app_begin ] --END-- [ RunTime:0.003115s ]
SQL: SHOW COLUMNS FROM `it_user` [ RunTime:0.019004s ]
SQL: SELECT * FROM `it_user` WHERE ( username = 'asion' ) LIMIT 1   [ RunTime:0.001003s ]
INFO: [ view_parse ] --START--
INFO: [ template_filter ] --START--
INFO: Run Behavior\ContentReplaceBehavior [ RunTime:0.000040s ]
INFO: [ template_filter ] --END-- [ RunTime:0.000105s ]
INFO: Run Behavior\ParseTemplateBehavior [ RunTime:0.031851s ]
INFO: [ view_parse ] --END-- [ RunTime:0.031957s ]
INFO: [ view_filter ] --START--
INFO: Run Behavior\WriteHtmlCacheBehavior [ RunTime:0.002904s ]
INFO: [ view_filter ] --END-- [ RunTime:0.002955s ]
SQL: SHOW COLUMNS FROM `it_category` [ RunTime:0.013970s ]
SQL: SELECT * FROM `it_category` WHERE ( pid = 0 )  [ RunTime:0.000288s ]
INFO: [ view_parse ] --START--
INFO: [ template_filter ] --START--
INFO: Run Behavior\ContentReplaceBehavior [ RunTime:0.000078s ]
INFO: [ template_filter ] --END-- [ RunTime:-0.046612s ]
INFO: Run Behavior\ParseTemplateBehavior [ RunTime:0.014938s ]
INFO: [ view_parse ] --END-- [ RunTime:-0.028979s ]
INFO: [ view_filter ] --START--
INFO: Run Behavior\WriteHtmlCacheBehavior [ RunTime:0.000017s ]
INFO: [ view_filter ] --END-- [ RunTime:-0.041092s ]
NOTIC: [2] Cannot modify header information - headers already sent by (output started at D:\vhost\local.14.com\ThinkPHP\Library\Think\View.class.php:95) D:\vhost\local.14.com\ThinkPHP\Library\Think\View.class.php 第 91 行.
NOTIC: [2] Cannot modify header information - headers already sent by (output started at D:\vhost\local.14.com\ThinkPHP\Library\Think\View.class.php:95) D:\vhost\local.14.com\ThinkPHP\Library\Think\View.class.php 第 92 行.
NOTIC: [2] Cannot modify header information - headers already sent by (output started at D:\vhost\local.14.com\ThinkPHP\Library\Think\View.class.php:95) D:\vhost\local.14.com\ThinkPHP\Library\Think\View.class.php 第 93 行.
INFO: [ app_end ] --START--
INFO: Run Behavior\ShowPageTraceBehavior [ RunTime:0.007036s ]
INFO: [ app_end ] --END-- [ RunTime:0.007227s ]

[ 2016-01-24T15:52:35+08:00 ] 127.0.0.1 /index.php/Home/Index/index.html
INFO: [ app_init ] --START--
INFO: Run Behavior\BuildLiteBehavior [ RunTime:0.000015s ]
INFO: [ app_init ] --END-- [ RunTime:0.001074s ]
INFO: [ app_begin ] --START--
INFO: Run Behavior\ReadHtmlCacheBehavior [ RunTime:0.001700s ]
INFO: [ app_begin ] --END-- [ RunTime:0.001833s ]
SQL: SHOW COLUMNS FROM `it_category` [ RunTime:0.018118s ]
SQL: SELECT * FROM `it_category` WHERE ( pid = 0 )  [ RunTime:0.000704s ]
SQL: SELECT * FROM `it_category`  [ RunTime:0.001400s ]
NOTIC: [2048] Declaration of Admin\Model\GoodsModel::_after_insert() should be compatible with that of Think\Model::_after_insert() D:\vhost\local.14.com\Application\Admin\Model\GoodsModel.class.php 第 233 行.
NOTIC: [2048] Declaration of Admin\Model\GoodsModel::_after_update() should be compatible with that of Think\Model::_after_update() D:\vhost\local.14.com\Application\Admin\Model\GoodsModel.class.php 第 233 行.
SQL: SHOW COLUMNS FROM `it_goods` [ RunTime:0.019990s ]
SQL: SELECT * FROM `it_goods` WHERE (  is_hot = 1 and is_delete = 0 ) ORDER BY id desc LIMIT 3   [ RunTime:0.000693s ]
SQL: SELECT * FROM `it_goods` WHERE (  is_best = 1 and is_delete = 0 ) ORDER BY id desc LIMIT 3   [ RunTime:0.000721s ]
SQL: SELECT * FROM `it_goods` WHERE (  is_new = 1 and is_delete = 0 ) ORDER BY id desc LIMIT 3   [ RunTime:0.000695s ]
INFO: [ view_parse ] --START--
INFO: [ template_filter ] --START--
INFO: Run Behavior\ContentReplaceBehavior [ RunTime:0.000178s ]
INFO: [ template_filter ] --END-- [ RunTime:0.000278s ]
INFO: Run Behavior\ParseTemplateBehavior [ RunTime:0.057955s ]
INFO: [ view_parse ] --END-- [ RunTime:0.058076s ]
INFO: [ view_filter ] --START--
INFO: Run Behavior\WriteHtmlCacheBehavior [ RunTime:0.002800s ]
INFO: [ view_filter ] --END-- [ RunTime:0.002858s ]
INFO: [ app_end ] --START--
INFO: Run Behavior\ShowPageTraceBehavior [ RunTime:0.010870s ]
INFO: [ app_end ] --END-- [ RunTime:0.010985s ]

[ 2016-01-24T15:55:24+08:00 ] 127.0.0.1 /index.php/Home/Index/index.html
INFO: [ app_init ] --START--
INFO: Run Behavior\BuildLiteBehavior [ RunTime:0.000018s ]
INFO: [ app_init ] --END-- [ RunTime:0.001454s ]
INFO: [ app_begin ] --START--
INFO: Run Behavior\ReadHtmlCacheBehavior [ RunTime:0.003015s ]
INFO: [ app_begin ] --END-- [ RunTime:0.003106s ]
SQL: SHOW COLUMNS FROM `it_category` [ RunTime:0.021967s ]
SQL: SELECT * FROM `it_category` WHERE ( pid = 0 )  [ RunTime:0.000455s ]
SQL: SELECT * FROM `it_category`  [ RunTime:0.000399s ]
NOTIC: [2048] Declaration of Admin\Model\GoodsModel::_after_insert() should be compatible with that of Think\Model::_after_insert() D:\vhost\local.14.com\Application\Admin\Model\GoodsModel.class.php 第 233 行.
NOTIC: [2048] Declaration of Admin\Model\GoodsModel::_after_update() should be compatible with that of Think\Model::_after_update() D:\vhost\local.14.com\Application\Admin\Model\GoodsModel.class.php 第 233 行.
SQL: SHOW COLUMNS FROM `it_goods` [ RunTime:0.027293s ]
SQL: SELECT * FROM `it_goods` WHERE (  is_hot = 1 and is_delete = 0 ) ORDER BY id desc LIMIT 3   [ RunTime:0.000727s ]
SQL: SELECT * FROM `it_goods` WHERE (  is_best = 1 and is_delete = 0 ) ORDER BY id desc LIMIT 3   [ RunTime:0.000823s ]
SQL: SELECT * FROM `it_goods` WHERE (  is_new = 1 and is_delete = 0 ) ORDER BY id desc LIMIT 3   [ RunTime:0.000866s ]
INFO: [ view_parse ] --START--
INFO: [ template_filter ] --START--
INFO: Run Behavior\ContentReplaceBehavior [ RunTime:0.000122s ]
INFO: [ template_filter ] --END-- [ RunTime:0.000181s ]
INFO: Run Behavior\ParseTemplateBehavior [ RunTime:0.038010s ]
INFO: [ view_parse ] --END-- [ RunTime:0.038232s ]
INFO: [ view_filter ] --START--
INFO: Run Behavior\WriteHtmlCacheBehavior [ RunTime:0.002817s ]
INFO: [ view_filter ] --END-- [ RunTime:0.002867s ]
INFO: [ app_end ] --START--
INFO: Run Behavior\ShowPageTraceBehavior [ RunTime:0.006899s ]
INFO: [ app_end ] --END-- [ RunTime:0.007003s ]

[ 2016-01-24T15:56:22+08:00 ] 127.0.0.1 /index.php/Home/Index/index.html
INFO: [ app_init ] --START--
INFO: Run Behavior\BuildLiteBehavior [ RunTime:0.000036s ]
INFO: [ app_init ] --END-- [ RunTime:0.001605s ]
INFO: [ app_begin ] --START--
INFO: Run Behavior\ReadHtmlCacheBehavior [ RunTime:0.004239s ]
INFO: [ app_begin ] --END-- [ RunTime:0.004326s ]
SQL: SHOW COLUMNS FROM `it_category` [ RunTime:0.038336s ]
SQL: SELECT * FROM `it_category` WHERE ( pid = 0 )  [ RunTime:0.000438s ]
SQL: SELECT * FROM `it_category`  [ RunTime:0.000550s ]
NOTIC: [2048] Declaration of Admin\Model\GoodsModel::_after_insert() should be compatible with that of Think\Model::_after_insert() D:\vhost\local.14.com\Application\Admin\Model\GoodsModel.class.php 第 233 行.
NOTIC: [2048] Declaration of Admin\Model\GoodsModel::_after_update() should be compatible with that of Think\Model::_after_update() D:\vhost\local.14.com\Application\Admin\Model\GoodsModel.class.php 第 233 行.
SQL: SHOW COLUMNS FROM `it_goods` [ RunTime:0.017050s ]
SQL: SELECT * FROM `it_goods` WHERE (  is_hot = 1 and is_delete = 0 ) ORDER BY id desc LIMIT 3   [ RunTime:0.002398s ]
SQL: SELECT * FROM `it_goods` WHERE (  is_best = 1 and is_delete = 0 ) ORDER BY id desc LIMIT 3   [ RunTime:0.001260s ]
SQL: SELECT * FROM `it_goods` WHERE (  is_new = 1 and is_delete = 0 ) ORDER BY id desc LIMIT 3   [ RunTime:0.000778s ]
INFO: [ view_parse ] --START--
INFO: [ template_filter ] --START--
INFO: Run Behavior\ContentReplaceBehavior [ RunTime:0.000220s ]
INFO: [ template_filter ] --END-- [ RunTime:0.000413s ]
INFO: Run Behavior\ParseTemplateBehavior [ RunTime:0.037276s ]
INFO: [ view_parse ] --END-- [ RunTime:0.037355s ]
INFO: [ view_filter ] --START--
INFO: Run Behavior\WriteHtmlCacheBehavior [ RunTime:0.002263s ]
INFO: [ view_filter ] --END-- [ RunTime:0.002324s ]
INFO: [ app_end ] --START--
INFO: Run Behavior\ShowPageTraceBehavior [ RunTime:0.006821s ]
INFO: [ app_end ] --END-- [ RunTime:0.007417s ]

[ 2016-01-24T15:56:41+08:00 ] 127.0.0.1 /index.php/Home/Index/index.html
INFO: [ app_init ] --START--
INFO: Run Behavior\BuildLiteBehavior [ RunTime:0.000017s ]
INFO: [ app_init ] --END-- [ RunTime:0.000768s ]
INFO: [ app_begin ] --START--
INFO: Run Behavior\ReadHtmlCacheBehavior [ RunTime:0.005113s ]
INFO: [ app_begin ] --END-- [ RunTime:0.005190s ]
SQL: SHOW COLUMNS FROM `it_category` [ RunTime:0.028011s ]
SQL: SELECT * FROM `it_category` WHERE ( pid = 0 )  [ RunTime:0.000507s ]
SQL: SELECT * FROM `it_category`  [ RunTime:0.000431s ]
NOTIC: [2048] Declaration of Admin\Model\GoodsModel::_after_insert() should be compatible with that of Think\Model::_after_insert() D:\vhost\local.14.com\Application\Admin\Model\GoodsModel.class.php 第 233 行.
NOTIC: [2048] Declaration of Admin\Model\GoodsModel::_after_update() should be compatible with that of Think\Model::_after_update() D:\vhost\local.14.com\Application\Admin\Model\GoodsModel.class.php 第 233 行.
SQL: SHOW COLUMNS FROM `it_goods` [ RunTime:0.022399s ]
SQL: SELECT * FROM `it_goods` WHERE (  is_hot = 1 and is_delete = 0 ) ORDER BY id desc LIMIT 3   [ RunTime:0.000691s ]
SQL: SELECT * FROM `it_goods` WHERE (  is_best = 1 and is_delete = 0 ) ORDER BY id desc LIMIT 3   [ RunTime:0.000706s ]
SQL: SELECT * FROM `it_goods` WHERE (  is_new = 1 and is_delete = 0 ) ORDER BY id desc LIMIT 3   [ RunTime:0.000710s ]
INFO: [ view_parse ] --START--
INFO: [ template_filter ] --START--
INFO: Run Behavior\ContentReplaceBehavior [ RunTime:0.000175s ]
INFO: [ template_filter ] --END-- [ RunTime:0.000254s ]
INFO: Run Behavior\ParseTemplateBehavior [ RunTime:0.022648s ]
INFO: [ view_parse ] --END-- [ RunTime:0.022718s ]
INFO: [ view_filter ] --START--
INFO: Run Behavior\WriteHtmlCacheBehavior [ RunTime:0.001775s ]
INFO: [ view_filter ] --END-- [ RunTime:0.001928s ]
INFO: [ app_end ] --START--
INFO: Run Behavior\ShowPageTraceBehavior [ RunTime:0.003175s ]
INFO: [ app_end ] --END-- [ RunTime:0.003356s ]

[ 2016-01-24T15:56:44+08:00 ] 127.0.0.1 /index.php/Home/User/logout.html
INFO: [ app_init ] --START--
INFO: Run Behavior\BuildLiteBehavior [ RunTime:0.000016s ]
INFO: [ app_init ] --END-- [ RunTime:0.000960s ]
INFO: [ app_begin ] --START--
INFO: Run Behavior\ReadHtmlCacheBehavior [ RunTime:0.003721s ]
INFO: [ app_begin ] --END-- [ RunTime:0.003802s ]
ERR: 非法操作:logout

[ 2016-01-24T15:57:52+08:00 ] 127.0.0.1 /index.php/Home/Index/index.html
INFO: [ app_init ] --START--
INFO: Run Behavior\BuildLiteBehavior [ RunTime:0.000016s ]
INFO: [ app_init ] --END-- [ RunTime:0.002662s ]
INFO: [ app_begin ] --START--
INFO: Run Behavior\ReadHtmlCacheBehavior [ RunTime:0.004862s ]
INFO: [ app_begin ] --END-- [ RunTime:0.004961s ]
SQL: SHOW COLUMNS FROM `it_category` [ RunTime:0.022148s ]
SQL: SELECT * FROM `it_category` WHERE ( pid = 0 )  [ RunTime:0.000466s ]
SQL: SELECT * FROM `it_category`  [ RunTime:0.000429s ]
NOTIC: [2048] Declaration of Admin\Model\GoodsModel::_after_insert() should be compatible with that of Think\Model::_after_insert() D:\vhost\local.14.com\Application\Admin\Model\GoodsModel.class.php 第 233 行.
NOTIC: [2048] Declaration of Admin\Model\GoodsModel::_after_update() should be compatible with that of Think\Model::_after_update() D:\vhost\local.14.com\Application\Admin\Model\GoodsModel.class.php 第 233 行.
SQL: SHOW COLUMNS FROM `it_goods` [ RunTime:0.017285s ]
SQL: SELECT * FROM `it_goods` WHERE (  is_hot = 1 and is_delete = 0 ) ORDER BY id desc LIMIT 3   [ RunTime:0.000686s ]
SQL: SELECT * FROM `it_goods` WHERE (  is_best = 1 and is_delete = 0 ) ORDER BY id desc LIMIT 3   [ RunTime:0.000790s ]
SQL: SELECT * FROM `it_goods` WHERE (  is_new = 1 and is_delete = 0 ) ORDER BY id desc LIMIT 3   [ RunTime:0.000777s ]
INFO: [ view_parse ] --START--
INFO: [ template_filter ] --START--
INFO: Run Behavior\ContentReplaceBehavior [ RunTime:0.000137s ]
INFO: [ template_filter ] --END-- [ RunTime:0.000202s ]
INFO: Run Behavior\ParseTemplateBehavior [ RunTime:0.024562s ]
INFO: [ view_parse ] --END-- [ RunTime:0.024596s ]
INFO: [ view_filter ] --START--
INFO: Run Behavior\WriteHtmlCacheBehavior [ RunTime:0.001735s ]
INFO: [ view_filter ] --END-- [ RunTime:0.001779s ]
INFO: [ app_end ] --START--
INFO: Run Behavior\ShowPageTraceBehavior [ RunTime:0.002058s ]
INFO: [ app_end ] --END-- [ RunTime:0.002182s ]

[ 2016-01-24T15:57:53+08:00 ] 127.0.0.1 /index.php/Home/User/logout.html
INFO: [ app_init ] --START--
INFO: Run Behavior\BuildLiteBehavior [ RunTime:0.000016s ]
INFO: [ app_init ] --END-- [ RunTime:0.000724s ]
INFO: [ app_begin ] --START--
INFO: Run Behavior\ReadHtmlCacheBehavior [ RunTime:0.001471s ]
INFO: [ app_begin ] --END-- [ RunTime:0.001546s ]
INFO: [ view_parse ] --START--
INFO: [ template_filter ] --START--
INFO: Run Behavior\ContentReplaceBehavior [ RunTime:0.000040s ]
INFO: [ template_filter ] --END-- [ RunTime:0.000104s ]
INFO: Run Behavior\ParseTemplateBehavior [ RunTime:0.015211s ]
INFO: [ view_parse ] --END-- [ RunTime:0.015294s ]
INFO: [ view_filter ] --START--
INFO: Run Behavior\WriteHtmlCacheBehavior [ RunTime:0.001456s ]
INFO: [ view_filter ] --END-- [ RunTime:0.001505s ]
INFO: [ app_end ] --START--
INFO: Run Behavior\ShowPageTraceBehavior [ RunTime:0.001554s ]
INFO: [ app_end ] --END-- [ RunTime:0.001609s ]

[ 2016-01-24T15:57:54+08:00 ] 127.0.0.1 /index.php/Home/Index/index.html
INFO: [ app_init ] --START--
INFO: Run Behavior\BuildLiteBehavior [ RunTime:0.000023s ]
INFO: [ app_init ] --END-- [ RunTime:0.001811s ]
INFO: [ app_begin ] --START--
INFO: Run Behavior\ReadHtmlCacheBehavior [ RunTime:0.001585s ]
INFO: [ app_begin ] --END-- [ RunTime:0.001665s ]
SQL: SHOW COLUMNS FROM `it_category` [ RunTime:0.017516s ]
SQL: SELECT * FROM `it_category` WHERE ( pid = 0 )  [ RunTime:0.000385s ]
SQL: SELECT * FROM `it_category`  [ RunTime:0.000345s ]
NOTIC: [2048] Declaration of Admin\Model\GoodsModel::_after_insert() should be compatible with that of Think\Model::_after_insert() D:\vhost\local.14.com\Application\Admin\Model\GoodsModel.class.php 第 233 行.
NOTIC: [2048] Declaration of Admin\Model\GoodsModel::_after_update() should be compatible with that of Think\Model::_after_update() D:\vhost\local.14.com\Application\Admin\Model\GoodsModel.class.php 第 233 行.
SQL: SHOW COLUMNS FROM `it_goods` [ RunTime:0.023950s ]
SQL: SELECT * FROM `it_goods` WHERE (  is_hot = 1 and is_delete = 0 ) ORDER BY id desc LIMIT 3   [ RunTime:0.000820s ]
SQL: SELECT * FROM `it_goods` WHERE (  is_best = 1 and is_delete = 0 ) ORDER BY id desc LIMIT 3   [ RunTime:0.001500s ]
SQL: SELECT * FROM `it_goods` WHERE (  is_new = 1 and is_delete = 0 ) ORDER BY id desc LIMIT 3   [ RunTime:0.000862s ]
INFO: [ view_parse ] --START--
INFO: [ template_filter ] --START--
INFO: Run Behavior\ContentReplaceBehavior [ RunTime:0.000112s ]
INFO: [ template_filter ] --END-- [ RunTime:0.000206s ]
INFO: Run Behavior\ParseTemplateBehavior [ RunTime:0.031304s ]
INFO: [ view_parse ] --END-- [ RunTime:0.031398s ]
INFO: [ view_filter ] --START--
INFO: Run Behavior\WriteHtmlCacheBehavior [ RunTime:0.002364s ]
INFO: [ view_filter ] --END-- [ RunTime:0.002469s ]
INFO: [ app_end ] --START--
INFO: Run Behavior\ShowPageTraceBehavior [ RunTime:0.002361s ]
INFO: [ app_end ] --END-- [ RunTime:0.002440s ]

[ 2016-01-24T15:57:56+08:00 ] 127.0.0.1 /index.php/Home/User/login.html
INFO: [ app_init ] --START--
INFO: Run Behavior\BuildLiteBehavior [ RunTime:0.000026s ]
INFO: [ app_init ] --END-- [ RunTime:0.001314s ]
INFO: [ app_begin ] --START--
INFO: Run Behavior\ReadHtmlCacheBehavior [ RunTime:0.002774s ]
INFO: [ app_begin ] --END-- [ RunTime:0.002855s ]
SQL: SHOW COLUMNS FROM `it_category` [ RunTime:0.018045s ]
SQL: SELECT * FROM `it_category` WHERE ( pid = 0 )  [ RunTime:0.000327s ]
INFO: [ view_parse ] --START--
INFO: [ template_filter ] --START--
INFO: Run Behavior\ContentReplaceBehavior [ RunTime:0.000121s ]
INFO: [ template_filter ] --END-- [ RunTime:0.000237s ]
INFO: Run Behavior\ParseTemplateBehavior [ RunTime:0.032863s ]
INFO: [ view_parse ] --END-- [ RunTime:0.032966s ]
INFO: [ view_filter ] --START--
INFO: Run Behavior\WriteHtmlCacheBehavior [ RunTime:0.003091s ]
INFO: [ view_filter ] --END-- [ RunTime:0.003154s ]
INFO: [ app_end ] --START--
INFO: Run Behavior\ShowPageTraceBehavior [ RunTime:0.005340s ]
INFO: [ app_end ] --END-- [ RunTime:0.005405s ]

[ 2016-01-24T15:58:02+08:00 ] 127.0.0.1 /index.php/Home/User/login.html
INFO: [ app_init ] --START--
INFO: Run Behavior\BuildLiteBehavior [ RunTime:0.000029s ]
INFO: [ app_init ] --END-- [ RunTime:0.001837s ]
INFO: [ app_begin ] --START--
INFO: Run Behavior\ReadHtmlCacheBehavior [ RunTime:0.001613s ]
INFO: [ app_begin ] --END-- [ RunTime:0.001702s ]
SQL: SHOW COLUMNS FROM `it_user` [ RunTime:0.023922s ]
SQL: SELECT * FROM `it_user` WHERE ( username = 'caoyang' ) LIMIT 1   [ RunTime:0.000483s ]
INFO: [ view_parse ] --START--
INFO: [ template_filter ] --START--
INFO: Run Behavior\ContentReplaceBehavior [ RunTime:0.000042s ]
INFO: [ template_filter ] --END-- [ RunTime:0.000108s ]
INFO: Run Behavior\ParseTemplateBehavior [ RunTime:0.016773s ]
INFO: [ view_parse ] --END-- [ RunTime:0.016860s ]
INFO: [ view_filter ] --START--
INFO: Run Behavior\WriteHtmlCacheBehavior [ RunTime:0.002304s ]
INFO: [ view_filter ] --END-- [ RunTime:0.002350s ]

[ 2016-01-24T15:58:04+08:00 ] 127.0.0.1 /index.php/Home/Index/index.html
INFO: [ app_init ] --START--
INFO: Run Behavior\BuildLiteBehavior [ RunTime:0.000022s ]
INFO: [ app_init ] --END-- [ RunTime:0.005879s ]
INFO: [ app_begin ] --START--
INFO: Run Behavior\ReadHtmlCacheBehavior [ RunTime:0.001653s ]
INFO: [ app_begin ] --END-- [ RunTime:0.001727s ]
SQL: SHOW COLUMNS FROM `it_category` [ RunTime:0.034985s ]
SQL: SELECT * FROM `it_category` WHERE ( pid = 0 )  [ RunTime:0.000684s ]
SQL: SELECT * FROM `it_category`  [ RunTime:0.000423s ]
NOTIC: [2048] Declaration of Admin\Model\GoodsModel::_after_insert() should be compatible with that of Think\Model::_after_insert() D:\vhost\local.14.com\Application\Admin\Model\GoodsModel.class.php 第 233 行.
NOTIC: [2048] Declaration of Admin\Model\GoodsModel::_after_update() should be compatible with that of Think\Model::_after_update() D:\vhost\local.14.com\Application\Admin\Model\GoodsModel.class.php 第 233 行.
SQL: SHOW COLUMNS FROM `it_goods` [ RunTime:0.021531s ]
SQL: SELECT * FROM `it_goods` WHERE (  is_hot = 1 and is_delete = 0 ) ORDER BY id desc LIMIT 3   [ RunTime:0.000701s ]
SQL: SELECT * FROM `it_goods` WHERE (  is_best = 1 and is_delete = 0 ) ORDER BY id desc LIMIT 3   [ RunTime:0.000911s ]
SQL: SELECT * FROM `it_goods` WHERE (  is_new = 1 and is_delete = 0 ) ORDER BY id desc LIMIT 3   [ RunTime:0.000777s ]
INFO: [ view_parse ] --START--
INFO: [ template_filter ] --START--
INFO: Run Behavior\ContentReplaceBehavior [ RunTime:0.000156s ]
INFO: [ template_filter ] --END-- [ RunTime:0.000234s ]
INFO: Run Behavior\ParseTemplateBehavior [ RunTime:0.027370s ]
INFO: [ view_parse ] --END-- [ RunTime:0.027456s ]
INFO: [ view_filter ] --START--
INFO: Run Behavior\WriteHtmlCacheBehavior [ RunTime:0.002783s ]
INFO: [ view_filter ] --END-- [ RunTime:0.002907s ]
INFO: [ app_end ] --START--
INFO: Run Behavior\ShowPageTraceBehavior [ RunTime:0.010376s ]
INFO: [ app_end ] --END-- [ RunTime:0.010554s ]

[ 2016-01-24T15:58:17+08:00 ] 127.0.0.1 /index.php/Home/User/logout.html
INFO: [ app_init ] --START--
INFO: Run Behavior\BuildLiteBehavior [ RunTime:0.000015s ]
INFO: [ app_init ] --END-- [ RunTime:0.001508s ]
INFO: [ app_begin ] --START--
INFO: Run Behavior\ReadHtmlCacheBehavior [ RunTime:0.002244s ]
INFO: [ app_begin ] --END-- [ RunTime:0.004242s ]
INFO: [ view_parse ] --START--
INFO: [ template_filter ] --START--
INFO: Run Behavior\ContentReplaceBehavior [ RunTime:0.000036s ]
INFO: [ template_filter ] --END-- [ RunTime:0.000096s ]
INFO: Run Behavior\ParseTemplateBehavior [ RunTime:0.023372s ]
INFO: [ view_parse ] --END-- [ RunTime:0.023550s ]
INFO: [ view_filter ] --START--
INFO: Run Behavior\WriteHtmlCacheBehavior [ RunTime:0.003394s ]
INFO: [ view_filter ] --END-- [ RunTime:0.003459s ]
INFO: [ app_end ] --START--
INFO: Run Behavior\ShowPageTraceBehavior [ RunTime:0.002583s ]
INFO: [ app_end ] --END-- [ RunTime:0.002635s ]

[ 2016-01-24T15:58:18+08:00 ] 127.0.0.1 /index.php/Home/Index/index.html
INFO: [ app_init ] --START--
INFO: Run Behavior\BuildLiteBehavior [ RunTime:0.000021s ]
INFO: [ app_init ] --END-- [ RunTime:0.004089s ]
INFO: [ app_begin ] --START--
INFO: Run Behavior\ReadHtmlCacheBehavior [ RunTime:0.003932s ]
INFO: [ app_begin ] --END-- [ RunTime:0.004026s ]
SQL: SHOW COLUMNS FROM `it_category` [ RunTime:0.026050s ]
SQL: SELECT * FROM `it_category` WHERE ( pid = 0 )  [ RunTime:0.000438s ]
SQL: SELECT * FROM `it_category`  [ RunTime:0.000416s ]
NOTIC: [2048] Declaration of Admin\Model\GoodsModel::_after_insert() should be compatible with that of Think\Model::_after_insert() D:\vhost\local.14.com\Application\Admin\Model\GoodsModel.class.php 第 233 行.
NOTIC: [2048] Declaration of Admin\Model\GoodsModel::_after_update() should be compatible with that of Think\Model::_after_update() D:\vhost\local.14.com\Application\Admin\Model\GoodsModel.class.php 第 233 行.
SQL: SHOW COLUMNS FROM `it_goods` [ RunTime:0.022623s ]
SQL: SELECT * FROM `it_goods` WHERE (  is_hot = 1 and is_delete = 0 ) ORDER BY id desc LIMIT 3   [ RunTime:0.000774s ]
SQL: SELECT * FROM `it_goods` WHERE (  is_best = 1 and is_delete = 0 ) ORDER BY id desc LIMIT 3   [ RunTime:0.001718s ]
SQL: SELECT * FROM `it_goods` WHERE (  is_new = 1 and is_delete = 0 ) ORDER BY id desc LIMIT 3   [ RunTime:0.000793s ]
INFO: [ view_parse ] --START--
INFO: [ template_filter ] --START--
INFO: Run Behavior\ContentReplaceBehavior [ RunTime:0.000111s ]
INFO: [ template_filter ] --END-- [ RunTime:0.000173s ]
INFO: Run Behavior\ParseTemplateBehavior [ RunTime:0.042251s ]
INFO: [ view_parse ] --END-- [ RunTime:0.042341s ]
INFO: [ view_filter ] --START--
INFO: Run Behavior\WriteHtmlCacheBehavior [ RunTime:0.003307s ]
INFO: [ view_filter ] --END-- [ RunTime:0.003386s ]
INFO: [ app_end ] --START--
INFO: Run Behavior\ShowPageTraceBehavior [ RunTime:0.019506s ]
INFO: [ app_end ] --END-- [ RunTime:0.019847s ]

[ 2016-01-24T15:59:04+08:00 ] 127.0.0.1 /index.php/Home/User/login.html
INFO: [ app_init ] --START--
INFO: Run Behavior\BuildLiteBehavior [ RunTime:0.000055s ]
INFO: [ app_init ] --END-- [ RunTime:0.000668s ]
INFO: [ app_begin ] --START--
INFO: Run Behavior\ReadHtmlCacheBehavior [ RunTime:0.004184s ]
INFO: [ app_begin ] --END-- [ RunTime:0.004658s ]
SQL: SHOW COLUMNS FROM `it_category` [ RunTime:0.030058s ]
SQL: SELECT * FROM `it_category` WHERE ( pid = 0 )  [ RunTime:0.000415s ]
INFO: [ view_parse ] --START--
INFO: [ template_filter ] --START--
INFO: Run Behavior\ContentReplaceBehavior [ RunTime:0.000135s ]
INFO: [ template_filter ] --END-- [ RunTime:0.000253s ]
INFO: Run Behavior\ParseTemplateBehavior [ RunTime:0.044688s ]
INFO: [ view_parse ] --END-- [ RunTime:0.044799s ]
INFO: [ view_filter ] --START--
INFO: Run Behavior\WriteHtmlCacheBehavior [ RunTime:0.002001s ]
INFO: [ view_filter ] --END-- [ RunTime:0.002053s ]
INFO: [ app_end ] --START--
INFO: Run Behavior\ShowPageTraceBehavior [ RunTime:0.005484s ]
INFO: [ app_end ] --END-- [ RunTime:0.005587s ]

[ 2016-01-24T15:59:12+08:00 ] 127.0.0.1 /index.php/Home/User/login.html
INFO: [ app_init ] --START--
INFO: Run Behavior\BuildLiteBehavior [ RunTime:0.000020s ]
INFO: [ app_init ] --END-- [ RunTime:0.000990s ]
INFO: [ app_begin ] --START--
INFO: Run Behavior\ReadHtmlCacheBehavior [ RunTime:0.001591s ]
INFO: [ app_begin ] --END-- [ RunTime:0.001669s ]
SQL: SHOW COLUMNS FROM `it_user` [ RunTime:0.017179s ]
SQL: SELECT * FROM `it_user` WHERE ( username = 'caoyang' ) LIMIT 1   [ RunTime:0.000475s ]
INFO: [ view_parse ] --START--
INFO: [ template_filter ] --START--
INFO: Run Behavior\ContentReplaceBehavior [ RunTime:0.000043s ]
INFO: [ template_filter ] --END-- [ RunTime:0.000111s ]
INFO: Run Behavior\ParseTemplateBehavior [ RunTime:0.014632s ]
INFO: [ view_parse ] --END-- [ RunTime:0.014738s ]
INFO: [ view_filter ] --START--
INFO: Run Behavior\WriteHtmlCacheBehavior [ RunTime:0.001416s ]
INFO: [ view_filter ] --END-- [ RunTime:0.001488s ]

[ 2016-01-24T15:59:13+08:00 ] 127.0.0.1 /index.php/Home/Index/index.html
INFO: [ app_init ] --START--
INFO: Run Behavior\BuildLiteBehavior [ RunTime:0.000016s ]
INFO: [ app_init ] --END-- [ RunTime:0.000829s ]
INFO: [ app_begin ] --START--
INFO: Run Behavior\ReadHtmlCacheBehavior [ RunTime:0.006162s ]
INFO: [ app_begin ] --END-- [ RunTime:0.006254s ]
SQL: SHOW COLUMNS FROM `it_category` [ RunTime:0.017006s ]
SQL: SELECT * FROM `it_category` WHERE ( pid = 0 )  [ RunTime:0.000433s ]
SQL: SELECT * FROM `it_category`  [ RunTime:0.000385s ]
NOTIC: [2048] Declaration of Admin\Model\GoodsModel::_after_insert() should be compatible with that of Think\Model::_after_insert() D:\vhost\local.14.com\Application\Admin\Model\GoodsModel.class.php 第 233 行.
NOTIC: [2048] Declaration of Admin\Model\GoodsModel::_after_update() should be compatible with that of Think\Model::_after_update() D:\vhost\local.14.com\Application\Admin\Model\GoodsModel.class.php 第 233 行.
SQL: SHOW COLUMNS FROM `it_goods` [ RunTime:0.021636s ]
SQL: SELECT * FROM `it_goods` WHERE (  is_hot = 1 and is_delete = 0 ) ORDER BY id desc LIMIT 3   [ RunTime:0.000715s ]
SQL: SELECT * FROM `it_goods` WHERE (  is_best = 1 and is_delete = 0 ) ORDER BY id desc LIMIT 3   [ RunTime:0.000917s ]
SQL: SELECT * FROM `it_goods` WHERE (  is_new = 1 and is_delete = 0 ) ORDER BY id desc LIMIT 3   [ RunTime:0.000736s ]
INFO: [ view_parse ] --START--
INFO: [ template_filter ] --START--
INFO: Run Behavior\ContentReplaceBehavior [ RunTime:0.000110s ]
INFO: [ template_filter ] --END-- [ RunTime:0.000174s ]
INFO: Run Behavior\ParseTemplateBehavior [ RunTime:0.027356s ]
INFO: [ view_parse ] --END-- [ RunTime:0.027435s ]
INFO: [ view_filter ] --START--
INFO: Run Behavior\WriteHtmlCacheBehavior [ RunTime:0.001518s ]
INFO: [ view_filter ] --END-- [ RunTime:0.001574s ]
INFO: [ app_end ] --START--
INFO: Run Behavior\ShowPageTraceBehavior [ RunTime:0.002480s ]
INFO: [ app_end ] --END-- [ RunTime:0.002579s ]

